-- Install configuration: ""
-- Up-to-date: /home/natalia/Documents/STUDING/ROS_bit_pel/install/robot_bringup/share/robot_bringup/launch
-- Up-to-date: /home/natalia/Documents/STUDING/ROS_bit_pel/install/robot_bringup/share/robot_bringup/launch/nav_test.launch.py
-- Up-to-date: /home/natalia/Documents/STUDING/ROS_bit_pel/install/robot_bringup/share/robot_bringup/launch/autorace_2025.launch.py
-- Up-to-date: /home/natalia/Documents/STUDING/ROS_bit_pel/install/robot_bringup/share/robot_bringup/launch/diff_drive.launch.py
-- Up-to-date: /home/natalia/Documents/STUDING/ROS_bit_pel/install/robot_bringup/share/robot_bringup/config
-- Up-to-date: /home/natalia/Documents/STUDING/ROS_bit_pel/install/robot_bringup/share/robot_bringup/config/mapper.yaml
-- Up-to-date: /home/natalia/Documents/STUDING/ROS_bit_pel/install/robot_bringup/share/robot_bringup/config/robot_bridge_nav.yaml
-- Up-to-date: /home/natalia/Documents/STUDING/ROS_bit_pel/install/robot_bringup/share/robot_bringup/config/autorace_2023.rviz
-- Up-to-date: /home/natalia/Documents/STUDING/ROS_bit_pel/install/robot_bringup/share/robot_bringup/config/costmap.yaml
-- Up-to-date: /home/natalia/Documents/STUDING/ROS_bit_pel/install/robot_bringup/share/robot_bringup/config/diff_drive.rviz
-- Up-to-date: /home/natalia/Documents/STUDING/ROS_bit_pel/install/robot_bringup/share/robot_bringup/config/robot_bridge.yaml
-- Up-to-date: /home/natalia/Documents/STUDING/ROS_bit_pel/install/robot_bringup/share/robot_bringup/worlds
-- Up-to-date: /home/natalia/Documents/STUDING/ROS_bit_pel/install/robot_bringup/share/robot_bringup/worlds/course.sdf
-- Up-to-date: /home/natalia/Documents/STUDING/ROS_bit_pel/install/robot_bringup/share/robot_bringup/worlds/actor
-- Up-to-date: /home/natalia/Documents/STUDING/ROS_bit_pel/install/robot_bringup/share/robot_bringup/worlds/actor/actor.sdf
-- Up-to-date: /home/natalia/Documents/STUDING/ROS_bit_pel/install/robot_bringup/share/robot_bringup/worlds/actor/file6.png
-- Up-to-date: /home/natalia/Documents/STUDING/ROS_bit_pel/install/robot_bringup/share/robot_bringup/worlds/actor/actor.dae
-- Up-to-date: /home/natalia/Documents/STUDING/ROS_bit_pel/install/robot_bringup/share/robot_bringup/worlds/tunnel
-- Up-to-date: /home/natalia/Documents/STUDING/ROS_bit_pel/install/robot_bringup/share/robot_bringup/worlds/tunnel/tunnel.sdf
-- Up-to-date: /home/natalia/Documents/STUDING/ROS_bit_pel/install/robot_bringup/share/robot_bringup/worlds/tunnel/tunnel.glb
-- Up-to-date: /home/natalia/Documents/STUDING/ROS_bit_pel/install/robot_bringup/share/robot_bringup/worlds/tunnel/model.config
-- Up-to-date: /home/natalia/Documents/STUDING/ROS_bit_pel/install/robot_bringup/share/robot_bringup/worlds/construction_cone
-- Up-to-date: /home/natalia/Documents/STUDING/ROS_bit_pel/install/robot_bringup/share/robot_bringup/worlds/construction_cone/model.config
-- Up-to-date: /home/natalia/Documents/STUDING/ROS_bit_pel/install/robot_bringup/share/robot_bringup/worlds/construction_cone/construction_cone.dae
-- Up-to-date: /home/natalia/Documents/STUDING/ROS_bit_pel/install/robot_bringup/share/robot_bringup/worlds/construction_cone/Construction_Cone_Diffuse.png
-- Up-to-date: /home/natalia/Documents/STUDING/ROS_bit_pel/install/robot_bringup/share/robot_bringup/worlds/construction_cone/construction_cone.sdf
-- Up-to-date: /home/natalia/Documents/STUDING/ROS_bit_pel/install/robot_bringup/share/robot_bringup/worlds/traffic_construction
-- Up-to-date: /home/natalia/Documents/STUDING/ROS_bit_pel/install/robot_bringup/share/robot_bringup/worlds/traffic_construction/traffic_construction.png
-- Up-to-date: /home/natalia/Documents/STUDING/ROS_bit_pel/install/robot_bringup/share/robot_bringup/worlds/traffic_construction/model.config
-- Up-to-date: /home/natalia/Documents/STUDING/ROS_bit_pel/install/robot_bringup/share/robot_bringup/worlds/traffic_construction/traffic_construction.sdf
-- Up-to-date: /home/natalia/Documents/STUDING/ROS_bit_pel/install/robot_bringup/share/robot_bringup/worlds/obstacle_tall.sdf
-- Up-to-date: /home/natalia/Documents/STUDING/ROS_bit_pel/install/robot_bringup/share/robot_bringup/worlds/traffic_intersection
-- Up-to-date: /home/natalia/Documents/STUDING/ROS_bit_pel/install/robot_bringup/share/robot_bringup/worlds/traffic_intersection/traffic_intersection.png
-- Up-to-date: /home/natalia/Documents/STUDING/ROS_bit_pel/install/robot_bringup/share/robot_bringup/worlds/traffic_intersection/model.config
-- Up-to-date: /home/natalia/Documents/STUDING/ROS_bit_pel/install/robot_bringup/share/robot_bringup/worlds/traffic_intersection/traffic_intersection.sdf
-- Up-to-date: /home/natalia/Documents/STUDING/ROS_bit_pel/install/robot_bringup/share/robot_bringup/worlds/traffic_tunnel
-- Up-to-date: /home/natalia/Documents/STUDING/ROS_bit_pel/install/robot_bringup/share/robot_bringup/worlds/traffic_tunnel/traffic_tunnel.sdf
-- Up-to-date: /home/natalia/Documents/STUDING/ROS_bit_pel/install/robot_bringup/share/robot_bringup/worlds/traffic_tunnel/tunnel.png
-- Up-to-date: /home/natalia/Documents/STUDING/ROS_bit_pel/install/robot_bringup/share/robot_bringup/worlds/traffic_tunnel/model.config
-- Up-to-date: /home/natalia/Documents/STUDING/ROS_bit_pel/install/robot_bringup/share/robot_bringup/worlds/intersection
-- Up-to-date: /home/natalia/Documents/STUDING/ROS_bit_pel/install/robot_bringup/share/robot_bringup/worlds/intersection/traffic_left.png
-- Up-to-date: /home/natalia/Documents/STUDING/ROS_bit_pel/install/robot_bringup/share/robot_bringup/worlds/intersection/right.sdf
-- Up-to-date: /home/natalia/Documents/STUDING/ROS_bit_pel/install/robot_bringup/share/robot_bringup/worlds/intersection/traffic_right.png
-- Up-to-date: /home/natalia/Documents/STUDING/ROS_bit_pel/install/robot_bringup/share/robot_bringup/worlds/intersection/left.sdf
-- Up-to-date: /home/natalia/Documents/STUDING/ROS_bit_pel/install/robot_bringup/share/robot_bringup/worlds/traffic_parking
-- Up-to-date: /home/natalia/Documents/STUDING/ROS_bit_pel/install/robot_bringup/share/robot_bringup/worlds/traffic_parking/model.config
-- Up-to-date: /home/natalia/Documents/STUDING/ROS_bit_pel/install/robot_bringup/share/robot_bringup/worlds/traffic_parking/traffic_parking.sdf
-- Up-to-date: /home/natalia/Documents/STUDING/ROS_bit_pel/install/robot_bringup/share/robot_bringup/worlds/traffic_parking/traffic_parking.png
-- Up-to-date: /home/natalia/Documents/STUDING/ROS_bit_pel/install/robot_bringup/share/robot_bringup/worlds/suv
-- Up-to-date: /home/natalia/Documents/STUDING/ROS_bit_pel/install/robot_bringup/share/robot_bringup/worlds/suv/suv.dae
-- Up-to-date: /home/natalia/Documents/STUDING/ROS_bit_pel/install/robot_bringup/share/robot_bringup/worlds/suv/suv.png
-- Up-to-date: /home/natalia/Documents/STUDING/ROS_bit_pel/install/robot_bringup/share/robot_bringup/worlds/suv/wheels_01.png
-- Up-to-date: /home/natalia/Documents/STUDING/ROS_bit_pel/install/robot_bringup/share/robot_bringup/worlds/suv/suv.sdf
-- Up-to-date: /home/natalia/Documents/STUDING/ROS_bit_pel/install/robot_bringup/share/robot_bringup/worlds/materials
-- Up-to-date: /home/natalia/Documents/STUDING/ROS_bit_pel/install/robot_bringup/share/robot_bringup/worlds/materials/Image_0.jpg
-- Up-to-date: /home/natalia/Documents/STUDING/ROS_bit_pel/install/robot_bringup/share/robot_bringup/worlds/materials/course_autorace_2025.glb
-- Up-to-date: /home/natalia/Documents/STUDING/ROS_bit_pel/install/robot_bringup/share/robot_bringup/worlds/materials/Image_0.002.jpg
-- Up-to-date: /home/natalia/Documents/STUDING/ROS_bit_pel/install/robot_bringup/share/robot_bringup/worlds/materials/Image_3.png
-- Up-to-date: /home/natalia/Documents/STUDING/ROS_bit_pel/install/robot_bringup/share/robot_bringup/worlds/materials/course.dae
-- Up-to-date: /home/natalia/Documents/STUDING/ROS_bit_pel/install/robot_bringup/share/robot_bringup/worlds/materials/course_v2.dae
-- Up-to-date: /home/natalia/Documents/STUDING/ROS_bit_pel/install/robot_bringup/share/robot_bringup/worlds/materials/course_v3.dae
-- Up-to-date: /home/natalia/Documents/STUDING/ROS_bit_pel/install/robot_bringup/share/robot_bringup/worlds/materials/course_v4.dae
-- Up-to-date: /home/natalia/Documents/STUDING/ROS_bit_pel/install/robot_bringup/share/robot_bringup/worlds/materials/pedestrian.sdf
-- Up-to-date: /home/natalia/Documents/STUDING/ROS_bit_pel/install/robot_bringup/share/robot_bringup/worlds/materials/Image_0.001.png
-- Up-to-date: /home/natalia/Documents/STUDING/ROS_bit_pel/install/robot_bringup/share/robot_bringup/worlds/obstacle.sdf
-- Up-to-date: /home/natalia/Documents/STUDING/ROS_bit_pel/install/robot_bringup/share/robot_bringup/worlds/pedestrian_crossing_sign
-- Up-to-date: /home/natalia/Documents/STUDING/ROS_bit_pel/install/robot_bringup/share/robot_bringup/worlds/pedestrian_crossing_sign/model.config
-- Up-to-date: /home/natalia/Documents/STUDING/ROS_bit_pel/install/robot_bringup/share/robot_bringup/worlds/pedestrian_crossing_sign/model.sdf
-- Up-to-date: /home/natalia/Documents/STUDING/ROS_bit_pel/install/robot_bringup/share/robot_bringup/worlds/pedestrian_crossing_sign/pedestrian_crossing_sign.png
-- Up-to-date: /home/natalia/Documents/STUDING/ROS_bit_pel/install/robot_bringup/share/robot_bringup/worlds/traffic_light
-- Up-to-date: /home/natalia/Documents/STUDING/ROS_bit_pel/install/robot_bringup/share/robot_bringup/worlds/traffic_light/yellow.sdf
-- Up-to-date: /home/natalia/Documents/STUDING/ROS_bit_pel/install/robot_bringup/share/robot_bringup/worlds/traffic_light/red.sdf
-- Up-to-date: /home/natalia/Documents/STUDING/ROS_bit_pel/install/robot_bringup/share/robot_bringup/worlds/traffic_light/traffic_light_yellow.png
-- Up-to-date: /home/natalia/Documents/STUDING/ROS_bit_pel/install/robot_bringup/share/robot_bringup/worlds/traffic_light/green.sdf
-- Up-to-date: /home/natalia/Documents/STUDING/ROS_bit_pel/install/robot_bringup/share/robot_bringup/worlds/traffic_light/traffic_light_red.png
-- Up-to-date: /home/natalia/Documents/STUDING/ROS_bit_pel/install/robot_bringup/share/robot_bringup/worlds/traffic_light/traffic_light_green.png
-- Up-to-date: /home/natalia/Documents/STUDING/ROS_bit_pel/install/robot_bringup/share/robot_bringup/environment/robot_bringup.dsv
-- Up-to-date: /home/natalia/Documents/STUDING/ROS_bit_pel/install/robot_bringup/share/robot_bringup/environment/robot_bringup.sh
-- Up-to-date: /home/natalia/Documents/STUDING/ROS_bit_pel/install/robot_bringup/share/ament_index/resource_index/package_run_dependencies/robot_bringup
-- Up-to-date: /home/natalia/Documents/STUDING/ROS_bit_pel/install/robot_bringup/share/ament_index/resource_index/parent_prefix_path/robot_bringup
-- Up-to-date: /home/natalia/Documents/STUDING/ROS_bit_pel/install/robot_bringup/share/robot_bringup/environment/ament_prefix_path.sh
-- Up-to-date: /home/natalia/Documents/STUDING/ROS_bit_pel/install/robot_bringup/share/robot_bringup/environment/ament_prefix_path.dsv
-- Up-to-date: /home/natalia/Documents/STUDING/ROS_bit_pel/install/robot_bringup/share/robot_bringup/environment/path.sh
-- Up-to-date: /home/natalia/Documents/STUDING/ROS_bit_pel/install/robot_bringup/share/robot_bringup/environment/path.dsv
-- Up-to-date: /home/natalia/Documents/STUDING/ROS_bit_pel/install/robot_bringup/share/robot_bringup/local_setup.bash
-- Up-to-date: /home/natalia/Documents/STUDING/ROS_bit_pel/install/robot_bringup/share/robot_bringup/local_setup.sh
-- Up-to-date: /home/natalia/Documents/STUDING/ROS_bit_pel/install/robot_bringup/share/robot_bringup/local_setup.zsh
-- Up-to-date: /home/natalia/Documents/STUDING/ROS_bit_pel/install/robot_bringup/share/robot_bringup/local_setup.dsv
-- Installing: /home/natalia/Documents/STUDING/ROS_bit_pel/install/robot_bringup/share/robot_bringup/package.dsv
-- Up-to-date: /home/natalia/Documents/STUDING/ROS_bit_pel/install/robot_bringup/share/ament_index/resource_index/packages/robot_bringup
-- Up-to-date: /home/natalia/Documents/STUDING/ROS_bit_pel/install/robot_bringup/share/robot_bringup/cmake/robot_bringupConfig.cmake
-- Up-to-date: /home/natalia/Documents/STUDING/ROS_bit_pel/install/robot_bringup/share/robot_bringup/cmake/robot_bringupConfig-version.cmake
-- Up-to-date: /home/natalia/Documents/STUDING/ROS_bit_pel/install/robot_bringup/share/robot_bringup/package.xml
