[2.206s] Invoking command in '/home/natalia/Documents/STUDING/ROS_bit_pel/autorace_detect': DEBUGINFOD_URLS=https://debuginfod.ubuntu.com PS1=(venv) \[\e]0;\u@\h: \w\a\]${debian_chroot:+($debian_chroot)}\[\033[01;32m\]\u@\h\[\033[00m\]:\[\033[01;34m\]\w\[\033[00m\]\$ PYTHONPATH=/home/natalia/Documents/STUDING/ROS_bit_pel/build/autorace_detect/prefix_override:/usr/lib/python3/dist-packages/colcon_core/task/python/colcon_distutils_commands:/home/natalia/Documents/STUDING/ROS_bit_pel/install/autorace_detect/lib/python3.12/site-packages:${PYTHONPATH} VIRTUAL_ENV_PROMPT=(venv) /usr/bin/python3 -W ignore:setup.py install is deprecated -W ignore:easy_install command is deprecated setup.py egg_info --egg-base ../build/autorace_detect build --build-base /home/natalia/Documents/STUDING/ROS_bit_pel/build/autorace_detect/build install --record /home/natalia/Documents/STUDING/ROS_bit_pel/build/autorace_detect/install.log --single-version-externally-managed install_data
[2.464s] running egg_info
[2.479s] writing ../build/autorace_detect/autorace_detect.egg-info/PKG-INFO
[2.479s] writing dependency_links to ../build/autorace_detect/autorace_detect.egg-info/dependency_links.txt
[2.479s] writing entry points to ../build/autorace_detect/autorace_detect.egg-info/entry_points.txt
[2.479s] writing requirements to ../build/autorace_detect/autorace_detect.egg-info/requires.txt
[2.479s] writing top-level names to ../build/autorace_detect/autorace_detect.egg-info/top_level.txt
[2.513s] reading manifest file '../build/autorace_detect/autorace_detect.egg-info/SOURCES.txt'
[2.514s] writing manifest file '../build/autorace_detect/autorace_detect.egg-info/SOURCES.txt'
[2.514s] running build
[2.514s] running build_py
[2.515s] copying module/config.py -> /home/natalia/Documents/STUDING/ROS_bit_pel/build/autorace_detect/build/lib/module
[2.515s] running install
[2.521s] running install_lib
[2.536s] copying /home/natalia/Documents/STUDING/ROS_bit_pel/build/autorace_detect/build/lib/module/config.py -> /home/natalia/Documents/STUDING/ROS_bit_pel/install/autorace_detect/lib/python3.12/site-packages/module
[2.536s] byte-compiling /home/natalia/Documents/STUDING/ROS_bit_pel/install/autorace_detect/lib/python3.12/site-packages/module/config.py to config.cpython-312.pyc
[2.537s] running install_data
[2.537s] running install_egg_info
[2.552s] removing '/home/natalia/Documents/STUDING/ROS_bit_pel/install/autorace_detect/lib/python3.12/site-packages/autorace_detect-0.0.0-py3.12.egg-info' (and everything under it)
[2.553s] Copying ../build/autorace_detect/autorace_detect.egg-info to /home/natalia/Documents/STUDING/ROS_bit_pel/install/autorace_detect/lib/python3.12/site-packages/autorace_detect-0.0.0-py3.12.egg-info
[2.553s] running install_scripts
[2.644s] Installing follow_path script to /home/natalia/Documents/STUDING/ROS_bit_pel/install/autorace_detect/lib/autorace_detect
[2.645s] writing list of installed files to '/home/natalia/Documents/STUDING/ROS_bit_pel/build/autorace_detect/install.log'
[2.673s] Invoked command in '/home/natalia/Documents/STUDING/ROS_bit_pel/autorace_detect' returned '0': DEBUGINFOD_URLS=https://debuginfod.ubuntu.com PS1=(venv) \[\e]0;\u@\h: \w\a\]${debian_chroot:+($debian_chroot)}\[\033[01;32m\]\u@\h\[\033[00m\]:\[\033[01;34m\]\w\[\033[00m\]\$ PYTHONPATH=/home/natalia/Documents/STUDING/ROS_bit_pel/build/autorace_detect/prefix_override:/usr/lib/python3/dist-packages/colcon_core/task/python/colcon_distutils_commands:/home/natalia/Documents/STUDING/ROS_bit_pel/install/autorace_detect/lib/python3.12/site-packages:${PYTHONPATH} VIRTUAL_ENV_PROMPT=(venv) /usr/bin/python3 -W ignore:setup.py install is deprecated -W ignore:easy_install command is deprecated setup.py egg_info --egg-base ../build/autorace_detect build --build-base /home/natalia/Documents/STUDING/ROS_bit_pel/build/autorace_detect/build install --record /home/natalia/Documents/STUDING/ROS_bit_pel/build/autorace_detect/install.log --single-version-externally-managed install_data
