-- Install configuration: ""
-- Up-to-date: /home/natalia/Documents/STUDING/ROS_bit_pel/install/robot_description/share/robot_description//urdf
-- Up-to-date: /home/natalia/Documents/STUDING/ROS_bit_pel/install/robot_description/share/robot_description//urdf/lidar.urdf.xacro
-- Up-to-date: /home/natalia/Documents/STUDING/ROS_bit_pel/install/robot_description/share/robot_description//urdf/right_tire.stl
-- Up-to-date: /home/natalia/Documents/STUDING/ROS_bit_pel/install/robot_description/share/robot_description//urdf/wheelpin_front.stl
-- Up-to-date: /home/natalia/Documents/STUDING/ROS_bit_pel/install/robot_description/share/robot_description//urdf/lidar_sim.stl
-- Up-to-date: /home/natalia/Documents/STUDING/ROS_bit_pel/install/robot_description/share/robot_description//urdf/robot.urdf.xacro
-- Up-to-date: /home/natalia/Documents/STUDING/ROS_bit_pel/install/robot_description/share/robot_description//urdf/d455_sim.stl
-- Up-to-date: /home/natalia/Documents/STUDING/ROS_bit_pel/install/robot_description/share/robot_description//urdf/body_center_sim.stl
-- Up-to-date: /home/natalia/Documents/STUDING/ROS_bit_pel/install/robot_description/share/robot_description//urdf/left_tire.stl
-- Up-to-date: /home/natalia/Documents/STUDING/ROS_bit_pel/install/robot_description/share/robot_description//urdf/depth.urdf.xacro
-- Up-to-date: /home/natalia/Documents/STUDING/ROS_bit_pel/install/robot_description/share/robot_description//urdf/right_tire_sim.stl
-- Up-to-date: /home/natalia/Documents/STUDING/ROS_bit_pel/install/robot_description/share/robot_description//urdf/left_tire_sim.stl
-- Up-to-date: /home/natalia/Documents/STUDING/ROS_bit_pel/install/robot_description/share/robot_description//urdf/wheelpin_rear.stl
-- Up-to-date: /home/natalia/Documents/STUDING/ROS_bit_pel/install/robot_description/share/robot_description//urdf/lidar.stl
-- Up-to-date: /home/natalia/Documents/STUDING/ROS_bit_pel/install/robot_description/share/robot_description//urdf/gazebo.urdf.xacro
-- Up-to-date: /home/natalia/Documents/STUDING/ROS_bit_pel/install/robot_description/share/robot_description//urdf/body_center.stl
-- Up-to-date: /home/natalia/Documents/STUDING/ROS_bit_pel/install/robot_description/share/robot_description//urdf/d455.stl
-- Up-to-date: /home/natalia/Documents/STUDING/ROS_bit_pel/install/robot_description/share/ament_index/resource_index/package_run_dependencies/robot_description
-- Up-to-date: /home/natalia/Documents/STUDING/ROS_bit_pel/install/robot_description/share/ament_index/resource_index/parent_prefix_path/robot_description
-- Up-to-date: /home/natalia/Documents/STUDING/ROS_bit_pel/install/robot_description/share/robot_description/environment/ament_prefix_path.sh
-- Up-to-date: /home/natalia/Documents/STUDING/ROS_bit_pel/install/robot_description/share/robot_description/environment/ament_prefix_path.dsv
-- Up-to-date: /home/natalia/Documents/STUDING/ROS_bit_pel/install/robot_description/share/robot_description/environment/path.sh
-- Up-to-date: /home/natalia/Documents/STUDING/ROS_bit_pel/install/robot_description/share/robot_description/environment/path.dsv
-- Up-to-date: /home/natalia/Documents/STUDING/ROS_bit_pel/install/robot_description/share/robot_description/local_setup.bash
-- Up-to-date: /home/natalia/Documents/STUDING/ROS_bit_pel/install/robot_description/share/robot_description/local_setup.sh
-- Up-to-date: /home/natalia/Documents/STUDING/ROS_bit_pel/install/robot_description/share/robot_description/local_setup.zsh
-- Up-to-date: /home/natalia/Documents/STUDING/ROS_bit_pel/install/robot_description/share/robot_description/local_setup.dsv
-- Installing: /home/natalia/Documents/STUDING/ROS_bit_pel/install/robot_description/share/robot_description/package.dsv
-- Up-to-date: /home/natalia/Documents/STUDING/ROS_bit_pel/install/robot_description/share/ament_index/resource_index/packages/robot_description
-- Up-to-date: /home/natalia/Documents/STUDING/ROS_bit_pel/install/robot_description/share/robot_description/cmake/robot_descriptionConfig.cmake
-- Up-to-date: /home/natalia/Documents/STUDING/ROS_bit_pel/install/robot_description/share/robot_description/cmake/robot_descriptionConfig-version.cmake
-- Up-to-date: /home/natalia/Documents/STUDING/ROS_bit_pel/install/robot_description/share/robot_description/package.xml
