[0.614s] Invoking command in '/home/natalia/Documents/STUDING/ROS_bit_pel/autorace_detect': DEBUGINFOD_URLS=https://debuginfod.ubuntu.com PYTHONPATH=/home/natalia/Documents/STUDING/ROS_bit_pel/build/autorace_detect/prefix_override:/usr/lib/python3/dist-packages/colcon_core/task/python/colcon_distutils_commands:/home/natalia/Documents/STUDING/ROS_bit_pel/install/autorace_detect/lib/python3.12/site-packages:${PYTHONPATH} /usr/bin/python3 -W ignore:setup.py install is deprecated -W ignore:easy_install command is deprecated setup.py egg_info --egg-base ../build/autorace_detect build --build-base /home/natalia/Documents/STUDING/ROS_bit_pel/build/autorace_detect/build install --record /home/natalia/Documents/STUDING/ROS_bit_pel/build/autorace_detect/install.log --single-version-externally-managed install_data
[0.756s] running egg_info
[0.766s] writing ../build/autorace_detect/autorace_detect.egg-info/PKG-INFO
[0.766s] writing dependency_links to ../build/autorace_detect/autorace_detect.egg-info/dependency_links.txt
[0.766s] writing entry points to ../build/autorace_detect/autorace_detect.egg-info/entry_points.txt
[0.766s] writing requirements to ../build/autorace_detect/autorace_detect.egg-info/requires.txt
[0.766s] writing top-level names to ../build/autorace_detect/autorace_detect.egg-info/top_level.txt
[0.786s] reading manifest file '../build/autorace_detect/autorace_detect.egg-info/SOURCES.txt'
[0.786s] writing manifest file '../build/autorace_detect/autorace_detect.egg-info/SOURCES.txt'
[0.786s] running build
[0.786s] running build_py
[0.786s] copying autorace_detect/follow_path.py -> /home/natalia/Documents/STUDING/ROS_bit_pel/build/autorace_detect/build/lib/autorace_detect
[0.786s] copying module/traffic_direction.py -> /home/natalia/Documents/STUDING/ROS_bit_pel/build/autorace_detect/build/lib/module
[0.787s] copying module/config.py -> /home/natalia/Documents/STUDING/ROS_bit_pel/build/autorace_detect/build/lib/module
[0.787s] running install
[0.790s] running install_lib
[0.801s] copying /home/natalia/Documents/STUDING/ROS_bit_pel/build/autorace_detect/build/lib/autorace_detect/follow_path.py -> /home/natalia/Documents/STUDING/ROS_bit_pel/install/autorace_detect/lib/python3.12/site-packages/autorace_detect
[0.801s] copying /home/natalia/Documents/STUDING/ROS_bit_pel/build/autorace_detect/build/lib/module/traffic_direction.py -> /home/natalia/Documents/STUDING/ROS_bit_pel/install/autorace_detect/lib/python3.12/site-packages/module
[0.801s] copying /home/natalia/Documents/STUDING/ROS_bit_pel/build/autorace_detect/build/lib/module/config.py -> /home/natalia/Documents/STUDING/ROS_bit_pel/install/autorace_detect/lib/python3.12/site-packages/module
[0.801s] byte-compiling /home/natalia/Documents/STUDING/ROS_bit_pel/install/autorace_detect/lib/python3.12/site-packages/autorace_detect/follow_path.py to follow_path.cpython-312.pyc
[0.803s] byte-compiling /home/natalia/Documents/STUDING/ROS_bit_pel/install/autorace_detect/lib/python3.12/site-packages/module/traffic_direction.py to traffic_direction.cpython-312.pyc
[0.804s] byte-compiling /home/natalia/Documents/STUDING/ROS_bit_pel/install/autorace_detect/lib/python3.12/site-packages/module/config.py to config.cpython-312.pyc
[0.804s] running install_data
[0.804s] running install_egg_info
[0.815s] removing '/home/natalia/Documents/STUDING/ROS_bit_pel/install/autorace_detect/lib/python3.12/site-packages/autorace_detect-0.0.0-py3.12.egg-info' (and everything under it)
[0.815s] Copying ../build/autorace_detect/autorace_detect.egg-info to /home/natalia/Documents/STUDING/ROS_bit_pel/install/autorace_detect/lib/python3.12/site-packages/autorace_detect-0.0.0-py3.12.egg-info
[0.815s] running install_scripts
[0.882s] Installing follow_path script to /home/natalia/Documents/STUDING/ROS_bit_pel/install/autorace_detect/lib/autorace_detect
[0.882s] writing list of installed files to '/home/natalia/Documents/STUDING/ROS_bit_pel/build/autorace_detect/install.log'
[0.899s] Invoked command in '/home/natalia/Documents/STUDING/ROS_bit_pel/autorace_detect' returned '0': DEBUGINFOD_URLS=https://debuginfod.ubuntu.com PYTHONPATH=/home/natalia/Documents/STUDING/ROS_bit_pel/build/autorace_detect/prefix_override:/usr/lib/python3/dist-packages/colcon_core/task/python/colcon_distutils_commands:/home/natalia/Documents/STUDING/ROS_bit_pel/install/autorace_detect/lib/python3.12/site-packages:${PYTHONPATH} /usr/bin/python3 -W ignore:setup.py install is deprecated -W ignore:easy_install command is deprecated setup.py egg_info --egg-base ../build/autorace_detect build --build-base /home/natalia/Documents/STUDING/ROS_bit_pel/build/autorace_detect/build install --record /home/natalia/Documents/STUDING/ROS_bit_pel/build/autorace_detect/install.log --single-version-externally-managed install_data
