[0.287s] Invoking command in '/home/natalia/Documents/STUDING/ROS_bit_pel/build/robot_description': CMAKE_PREFIX_PATH=${CMAKE_PREFIX_PATH}:/home/natalia/Documents/STUDING/ROS_bit_pel/install/referee_console:/home/natalia/Documents/STUDING/ROS_bit_pel/install/autorace_detect:/opt/ros/jazzy DEBUGINFOD_URLS=https://debuginfod.ubuntu.com /usr/bin/cmake --build /home/natalia/Documents/STUDING/ROS_bit_pel/build/robot_description -- -j20 -l20
[0.322s] Invoked command in '/home/natalia/Documents/STUDING/ROS_bit_pel/build/robot_description' returned '0': CMAKE_PREFIX_PATH=${CMAKE_PREFIX_PATH}:/home/natalia/Documents/STUDING/ROS_bit_pel/install/referee_console:/home/natalia/Documents/STUDING/ROS_bit_pel/install/autorace_detect:/opt/ros/jazzy DEBUGINFOD_URLS=https://debuginfod.ubuntu.com /usr/bin/cmake --build /home/natalia/Documents/STUDING/ROS_bit_pel/build/robot_description -- -j20 -l20
[0.331s] Invoking command in '/home/natalia/Documents/STUDING/ROS_bit_pel/build/robot_description': CMAKE_PREFIX_PATH=${CMAKE_PREFIX_PATH}:/home/natalia/Documents/STUDING/ROS_bit_pel/install/referee_console:/home/natalia/Documents/STUDING/ROS_bit_pel/install/autorace_detect:/opt/ros/jazzy DEBUGINFOD_URLS=https://debuginfod.ubuntu.com /usr/bin/cmake --install /home/natalia/Documents/STUDING/ROS_bit_pel/build/robot_description
[0.341s] -- Install configuration: ""
[0.341s] -- Up-to-date: /home/natalia/Documents/STUDING/ROS_bit_pel/install/robot_description/share/robot_description//urdf
[0.341s] -- Up-to-date: /home/natalia/Documents/STUDING/ROS_bit_pel/install/robot_description/share/robot_description//urdf/lidar.urdf.xacro
[0.343s] -- Up-to-date: /home/natalia/Documents/STUDING/ROS_bit_pel/install/robot_description/share/robot_description//urdf/right_tire.stl
[0.343s] -- Up-to-date: /home/natalia/Documents/STUDING/ROS_bit_pel/install/robot_description/share/robot_description//urdf/wheelpin_front.stl
[0.343s] -- Up-to-date: /home/natalia/Documents/STUDING/ROS_bit_pel/install/robot_description/share/robot_description//urdf/lidar_sim.stl
[0.343s] -- Up-to-date: /home/natalia/Documents/STUDING/ROS_bit_pel/install/robot_description/share/robot_description//urdf/robot.urdf.xacro
[0.343s] -- Up-to-date: /home/natalia/Documents/STUDING/ROS_bit_pel/install/robot_description/share/robot_description//urdf/d455_sim.stl
[0.343s] -- Up-to-date: /home/natalia/Documents/STUDING/ROS_bit_pel/install/robot_description/share/robot_description//urdf/body_center_sim.stl
[0.344s] -- Up-to-date: /home/natalia/Documents/STUDING/ROS_bit_pel/install/robot_description/share/robot_description//urdf/left_tire.stl
[0.344s] -- Up-to-date: /home/natalia/Documents/STUDING/ROS_bit_pel/install/robot_description/share/robot_description//urdf/depth.urdf.xacro
[0.344s] -- Up-to-date: /home/natalia/Documents/STUDING/ROS_bit_pel/install/robot_description/share/robot_description//urdf/right_tire_sim.stl
[0.345s] -- Up-to-date: /home/natalia/Documents/STUDING/ROS_bit_pel/install/robot_description/share/robot_description//urdf/left_tire_sim.stl
[0.345s] -- Up-to-date: /home/natalia/Documents/STUDING/ROS_bit_pel/install/robot_description/share/robot_description//urdf/wheelpin_rear.stl
[0.345s] -- Up-to-date: /home/natalia/Documents/STUDING/ROS_bit_pel/install/robot_description/share/robot_description//urdf/lidar.stl
[0.345s] -- Up-to-date: /home/natalia/Documents/STUDING/ROS_bit_pel/install/robot_description/share/robot_description//urdf/gazebo.urdf.xacro
[0.345s] -- Up-to-date: /home/natalia/Documents/STUDING/ROS_bit_pel/install/robot_description/share/robot_description//urdf/body_center.stl
[0.345s] -- Up-to-date: /home/natalia/Documents/STUDING/ROS_bit_pel/install/robot_description/share/robot_description//urdf/d455.stl
[0.345s] -- Up-to-date: /home/natalia/Documents/STUDING/ROS_bit_pel/install/robot_description/share/ament_index/resource_index/package_run_dependencies/robot_description
[0.345s] -- Up-to-date: /home/natalia/Documents/STUDING/ROS_bit_pel/install/robot_description/share/ament_index/resource_index/parent_prefix_path/robot_description
[0.345s] -- Up-to-date: /home/natalia/Documents/STUDING/ROS_bit_pel/install/robot_description/share/robot_description/environment/ament_prefix_path.sh
[0.345s] -- Up-to-date: /home/natalia/Documents/STUDING/ROS_bit_pel/install/robot_description/share/robot_description/environment/ament_prefix_path.dsv
[0.345s] -- Up-to-date: /home/natalia/Documents/STUDING/ROS_bit_pel/install/robot_description/share/robot_description/environment/path.sh
[0.345s] -- Up-to-date: /home/natalia/Documents/STUDING/ROS_bit_pel/install/robot_description/share/robot_description/environment/path.dsv
[0.345s] -- Up-to-date: /home/natalia/Documents/STUDING/ROS_bit_pel/install/robot_description/share/robot_description/local_setup.bash
[0.346s] -- Up-to-date: /home/natalia/Documents/STUDING/ROS_bit_pel/install/robot_description/share/robot_description/local_setup.sh
[0.346s] -- Up-to-date: /home/natalia/Documents/STUDING/ROS_bit_pel/install/robot_description/share/robot_description/local_setup.zsh
[0.346s] -- Up-to-date: /home/natalia/Documents/STUDING/ROS_bit_pel/install/robot_description/share/robot_description/local_setup.dsv
[0.346s] -- Installing: /home/natalia/Documents/STUDING/ROS_bit_pel/install/robot_description/share/robot_description/package.dsv
[0.347s] -- Up-to-date: /home/natalia/Documents/STUDING/ROS_bit_pel/install/robot_description/share/ament_index/resource_index/packages/robot_description
[0.347s] -- Up-to-date: /home/natalia/Documents/STUDING/ROS_bit_pel/install/robot_description/share/robot_description/cmake/robot_descriptionConfig.cmake
[0.347s] -- Up-to-date: /home/natalia/Documents/STUDING/ROS_bit_pel/install/robot_description/share/robot_description/cmake/robot_descriptionConfig-version.cmake
[0.347s] -- Up-to-date: /home/natalia/Documents/STUDING/ROS_bit_pel/install/robot_description/share/robot_description/package.xml
[0.360s] Invoked command in '/home/natalia/Documents/STUDING/ROS_bit_pel/build/robot_description' returned '0': CMAKE_PREFIX_PATH=${CMAKE_PREFIX_PATH}:/home/natalia/Documents/STUDING/ROS_bit_pel/install/referee_console:/home/natalia/Documents/STUDING/ROS_bit_pel/install/autorace_detect:/opt/ros/jazzy DEBUGINFOD_URLS=https://debuginfod.ubuntu.com /usr/bin/cmake --install /home/natalia/Documents/STUDING/ROS_bit_pel/build/robot_description
