running egg_info
writing ../build/autorace_detect/autorace_detect.egg-info/PKG-INFO
writing dependency_links to ../build/autorace_detect/autorace_detect.egg-info/dependency_links.txt
writing entry points to ../build/autorace_detect/autorace_detect.egg-info/entry_points.txt
writing requirements to ../build/autorace_detect/autorace_detect.egg-info/requires.txt
writing top-level names to ../build/autorace_detect/autorace_detect.egg-info/top_level.txt
reading manifest file '../build/autorace_detect/autorace_detect.egg-info/SOURCES.txt'
adding license file 'LICENSE'
writing manifest file '../build/autorace_detect/autorace_detect.egg-info/SOURCES.txt'
running build
running build_py
running install
running install_lib
running install_data
running install_egg_info
removing '/home/natalia/Documents/STUDING/ROS_bit_pel/install/autorace_detect/lib/python3.12/site-packages/autorace_detect-0.0.0-py3.12.egg-info' (and everything under it)
Copying ../build/autorace_detect/autorace_detect.egg-info to /home/natalia/Documents/STUDING/ROS_bit_pel/install/autorace_detect/lib/python3.12/site-packages/autorace_detect-0.0.0-py3.12.egg-info
running install_scripts
Installing follow_path script to /home/natalia/Documents/STUDING/ROS_bit_pel/install/autorace_detect/lib/autorace_detect
writing list of installed files to '/home/natalia/Documents/STUDING/ROS_bit_pel/build/autorace_detect/install.log'
