/home/natalia/Documents/STUDING/ROS_bit_pel/install/autorace_detect/lib/python3.12/site-packages/autorace_detect/__init__.py
/home/natalia/Documents/STUDING/ROS_bit_pel/install/autorace_detect/lib/python3.12/site-packages/autorace_detect/follow_path.py
/home/natalia/Documents/STUDING/ROS_bit_pel/install/autorace_detect/lib/python3.12/site-packages/module/logger.py
/home/natalia/Documents/STUDING/ROS_bit_pel/install/autorace_detect/lib/python3.12/site-packages/module/traffic_light.py
/home/natalia/Documents/STUDING/ROS_bit_pel/install/autorace_detect/lib/python3.12/site-packages/module/traffic_direction.py
/home/natalia/Documents/STUDING/ROS_bit_pel/install/autorace_detect/lib/python3.12/site-packages/module/__init__.py
/home/natalia/Documents/STUDING/ROS_bit_pel/install/autorace_detect/lib/python3.12/site-packages/module/config.py
/home/natalia/Documents/STUDING/ROS_bit_pel/install/autorace_detect/lib/python3.12/site-packages/autorace_detect/__pycache__/__init__.cpython-312.pyc
/home/natalia/Documents/STUDING/ROS_bit_pel/install/autorace_detect/lib/python3.12/site-packages/autorace_detect/__pycache__/follow_path.cpython-312.pyc
/home/natalia/Documents/STUDING/ROS_bit_pel/install/autorace_detect/lib/python3.12/site-packages/module/__pycache__/logger.cpython-312.pyc
/home/natalia/Documents/STUDING/ROS_bit_pel/install/autorace_detect/lib/python3.12/site-packages/module/__pycache__/traffic_light.cpython-312.pyc
/home/natalia/Documents/STUDING/ROS_bit_pel/install/autorace_detect/lib/python3.12/site-packages/module/__pycache__/traffic_direction.cpython-312.pyc
/home/natalia/Documents/STUDING/ROS_bit_pel/install/autorace_detect/lib/python3.12/site-packages/module/__pycache__/__init__.cpython-312.pyc
/home/natalia/Documents/STUDING/ROS_bit_pel/install/autorace_detect/lib/python3.12/site-packages/module/__pycache__/config.cpython-312.pyc
/home/natalia/Documents/STUDING/ROS_bit_pel/install/autorace_detect/share/ament_index/resource_index/packages/autorace_detect
/home/natalia/Documents/STUDING/ROS_bit_pel/install/autorace_detect/share/autorace_detect/package.xml
/home/natalia/Documents/STUDING/ROS_bit_pel/install/autorace_detect/share/autorace_detect/launch/autorace_detect.launch.py
/home/natalia/Documents/STUDING/ROS_bit_pel/install/autorace_detect/share/autorace_detect/signs/traffic_left.png
/home/natalia/Documents/STUDING/ROS_bit_pel/install/autorace_detect/share/autorace_detect/signs/traffic_intersection.png
/home/natalia/Documents/STUDING/ROS_bit_pel/install/autorace_detect/share/autorace_detect/signs/traffic_construction.png
/home/natalia/Documents/STUDING/ROS_bit_pel/install/autorace_detect/share/autorace_detect/signs/tunnel.png
/home/natalia/Documents/STUDING/ROS_bit_pel/install/autorace_detect/share/autorace_detect/signs/traffic_right.png
/home/natalia/Documents/STUDING/ROS_bit_pel/install/autorace_detect/share/autorace_detect/signs/pedestrian_crossing_sign.png
/home/natalia/Documents/STUDING/ROS_bit_pel/install/autorace_detect/share/autorace_detect/signs/traffic_parking.png
/home/natalia/Documents/STUDING/ROS_bit_pel/install/autorace_detect/lib/python3.12/site-packages/autorace_detect-0.0.0-py3.12.egg-info/requires.txt
/home/natalia/Documents/STUDING/ROS_bit_pel/install/autorace_detect/lib/python3.12/site-packages/autorace_detect-0.0.0-py3.12.egg-info/top_level.txt
/home/natalia/Documents/STUDING/ROS_bit_pel/install/autorace_detect/lib/python3.12/site-packages/autorace_detect-0.0.0-py3.12.egg-info/PKG-INFO
/home/natalia/Documents/STUDING/ROS_bit_pel/install/autorace_detect/lib/python3.12/site-packages/autorace_detect-0.0.0-py3.12.egg-info/SOURCES.txt
/home/natalia/Documents/STUDING/ROS_bit_pel/install/autorace_detect/lib/python3.12/site-packages/autorace_detect-0.0.0-py3.12.egg-info/zip-safe
/home/natalia/Documents/STUDING/ROS_bit_pel/install/autorace_detect/lib/python3.12/site-packages/autorace_detect-0.0.0-py3.12.egg-info/entry_points.txt
/home/natalia/Documents/STUDING/ROS_bit_pel/install/autorace_detect/lib/python3.12/site-packages/autorace_detect-0.0.0-py3.12.egg-info/dependency_links.txt
/home/natalia/Documents/STUDING/ROS_bit_pel/install/autorace_detect/lib/autorace_detect/follow_path
