[0.476s] Invoking command in '/home/natalia/Documents/STUDING/ROS_bit_pel/build/robot_bringup': CMAKE_PREFIX_PATH=${CMAKE_PREFIX_PATH}:/home/natalia/Documents/STUDING/ROS_bit_pel/install/referee_console:/home/natalia/Documents/STUDING/ROS_bit_pel/install/autorace_detect:/opt/ros/jazzy DEBUGINFOD_URLS=https://debuginfod.ubuntu.com /usr/bin/cmake --build /home/natalia/Documents/STUDING/ROS_bit_pel/build/robot_bringup -- -j20 -l20
[0.535s] Invoked command in '/home/natalia/Documents/STUDING/ROS_bit_pel/build/robot_bringup' returned '0': CMAKE_PREFIX_PATH=${CMAKE_PREFIX_PATH}:/home/natalia/Documents/STUDING/ROS_bit_pel/install/referee_console:/home/natalia/Documents/STUDING/ROS_bit_pel/install/autorace_detect:/opt/ros/jazzy DEBUGINFOD_URLS=https://debuginfod.ubuntu.com /usr/bin/cmake --build /home/natalia/Documents/STUDING/ROS_bit_pel/build/robot_bringup -- -j20 -l20
[0.537s] Invoking command in '/home/natalia/Documents/STUDING/ROS_bit_pel/build/robot_bringup': CMAKE_PREFIX_PATH=${CMAKE_PREFIX_PATH}:/home/natalia/Documents/STUDING/ROS_bit_pel/install/referee_console:/home/natalia/Documents/STUDING/ROS_bit_pel/install/autorace_detect:/opt/ros/jazzy DEBUGINFOD_URLS=https://debuginfod.ubuntu.com /usr/bin/cmake --install /home/natalia/Documents/STUDING/ROS_bit_pel/build/robot_bringup
[0.549s] -- Install configuration: ""
[0.549s] -- Up-to-date: /home/natalia/Documents/STUDING/ROS_bit_pel/install/robot_bringup/share/robot_bringup/launch
[0.549s] -- Up-to-date: /home/natalia/Documents/STUDING/ROS_bit_pel/install/robot_bringup/share/robot_bringup/launch/nav_test.launch.py
[0.549s] -- Up-to-date: /home/natalia/Documents/STUDING/ROS_bit_pel/install/robot_bringup/share/robot_bringup/launch/autorace_2025.launch.py
[0.549s] -- Up-to-date: /home/natalia/Documents/STUDING/ROS_bit_pel/install/robot_bringup/share/robot_bringup/launch/diff_drive.launch.py
[0.549s] -- Up-to-date: /home/natalia/Documents/STUDING/ROS_bit_pel/install/robot_bringup/share/robot_bringup/config
[0.549s] -- Up-to-date: /home/natalia/Documents/STUDING/ROS_bit_pel/install/robot_bringup/share/robot_bringup/config/mapper.yaml
[0.549s] -- Up-to-date: /home/natalia/Documents/STUDING/ROS_bit_pel/install/robot_bringup/share/robot_bringup/config/robot_bridge_nav.yaml
[0.549s] -- Up-to-date: /home/natalia/Documents/STUDING/ROS_bit_pel/install/robot_bringup/share/robot_bringup/config/autorace_2023.rviz
[0.549s] -- Up-to-date: /home/natalia/Documents/STUDING/ROS_bit_pel/install/robot_bringup/share/robot_bringup/config/costmap.yaml
[0.549s] -- Up-to-date: /home/natalia/Documents/STUDING/ROS_bit_pel/install/robot_bringup/share/robot_bringup/config/diff_drive.rviz
[0.549s] -- Up-to-date: /home/natalia/Documents/STUDING/ROS_bit_pel/install/robot_bringup/share/robot_bringup/config/robot_bridge.yaml
[0.550s] -- Up-to-date: /home/natalia/Documents/STUDING/ROS_bit_pel/install/robot_bringup/share/robot_bringup/worlds
[0.550s] -- Up-to-date: /home/natalia/Documents/STUDING/ROS_bit_pel/install/robot_bringup/share/robot_bringup/worlds/course.sdf
[0.550s] -- Up-to-date: /home/natalia/Documents/STUDING/ROS_bit_pel/install/robot_bringup/share/robot_bringup/worlds/actor
[0.550s] -- Up-to-date: /home/natalia/Documents/STUDING/ROS_bit_pel/install/robot_bringup/share/robot_bringup/worlds/actor/actor.sdf
[0.550s] -- Up-to-date: /home/natalia/Documents/STUDING/ROS_bit_pel/install/robot_bringup/share/robot_bringup/worlds/actor/file6.png
[0.550s] -- Up-to-date: /home/natalia/Documents/STUDING/ROS_bit_pel/install/robot_bringup/share/robot_bringup/worlds/actor/actor.dae
[0.550s] -- Up-to-date: /home/natalia/Documents/STUDING/ROS_bit_pel/install/robot_bringup/share/robot_bringup/worlds/tunnel
[0.550s] -- Up-to-date: /home/natalia/Documents/STUDING/ROS_bit_pel/install/robot_bringup/share/robot_bringup/worlds/tunnel/tunnel.sdf
[0.550s] -- Up-to-date: /home/natalia/Documents/STUDING/ROS_bit_pel/install/robot_bringup/share/robot_bringup/worlds/tunnel/tunnel.glb
[0.550s] -- Up-to-date: /home/natalia/Documents/STUDING/ROS_bit_pel/install/robot_bringup/share/robot_bringup/worlds/tunnel/model.config
[0.550s] -- Up-to-date: /home/natalia/Documents/STUDING/ROS_bit_pel/install/robot_bringup/share/robot_bringup/worlds/construction_cone
[0.550s] -- Up-to-date: /home/natalia/Documents/STUDING/ROS_bit_pel/install/robot_bringup/share/robot_bringup/worlds/construction_cone/model.config
[0.550s] -- Up-to-date: /home/natalia/Documents/STUDING/ROS_bit_pel/install/robot_bringup/share/robot_bringup/worlds/construction_cone/construction_cone.dae
[0.550s] -- Up-to-date: /home/natalia/Documents/STUDING/ROS_bit_pel/install/robot_bringup/share/robot_bringup/worlds/construction_cone/Construction_Cone_Diffuse.png
[0.550s] -- Up-to-date: /home/natalia/Documents/STUDING/ROS_bit_pel/install/robot_bringup/share/robot_bringup/worlds/construction_cone/construction_cone.sdf
[0.550s] -- Up-to-date: /home/natalia/Documents/STUDING/ROS_bit_pel/install/robot_bringup/share/robot_bringup/worlds/traffic_construction
[0.551s] -- Up-to-date: /home/natalia/Documents/STUDING/ROS_bit_pel/install/robot_bringup/share/robot_bringup/worlds/traffic_construction/traffic_construction.png
[0.551s] -- Up-to-date: /home/natalia/Documents/STUDING/ROS_bit_pel/install/robot_bringup/share/robot_bringup/worlds/traffic_construction/model.config
[0.551s] -- Up-to-date: /home/natalia/Documents/STUDING/ROS_bit_pel/install/robot_bringup/share/robot_bringup/worlds/traffic_construction/traffic_construction.sdf
[0.551s] -- Up-to-date: /home/natalia/Documents/STUDING/ROS_bit_pel/install/robot_bringup/share/robot_bringup/worlds/obstacle_tall.sdf
[0.551s] -- Up-to-date: /home/natalia/Documents/STUDING/ROS_bit_pel/install/robot_bringup/share/robot_bringup/worlds/traffic_intersection
[0.551s] -- Up-to-date: /home/natalia/Documents/STUDING/ROS_bit_pel/install/robot_bringup/share/robot_bringup/worlds/traffic_intersection/traffic_intersection.png
[0.551s] -- Up-to-date: /home/natalia/Documents/STUDING/ROS_bit_pel/install/robot_bringup/share/robot_bringup/worlds/traffic_intersection/model.config
[0.551s] -- Up-to-date: /home/natalia/Documents/STUDING/ROS_bit_pel/install/robot_bringup/share/robot_bringup/worlds/traffic_intersection/traffic_intersection.sdf
[0.551s] -- Up-to-date: /home/natalia/Documents/STUDING/ROS_bit_pel/install/robot_bringup/share/robot_bringup/worlds/traffic_tunnel
[0.551s] -- Up-to-date: /home/natalia/Documents/STUDING/ROS_bit_pel/install/robot_bringup/share/robot_bringup/worlds/traffic_tunnel/traffic_tunnel.sdf
[0.551s] -- Up-to-date: /home/natalia/Documents/STUDING/ROS_bit_pel/install/robot_bringup/share/robot_bringup/worlds/traffic_tunnel/tunnel.png
[0.551s] -- Up-to-date: /home/natalia/Documents/STUDING/ROS_bit_pel/install/robot_bringup/share/robot_bringup/worlds/traffic_tunnel/model.config
[0.551s] -- Up-to-date: /home/natalia/Documents/STUDING/ROS_bit_pel/install/robot_bringup/share/robot_bringup/worlds/intersection
[0.551s] -- Up-to-date: /home/natalia/Documents/STUDING/ROS_bit_pel/install/robot_bringup/share/robot_bringup/worlds/intersection/traffic_left.png
[0.551s] -- Up-to-date: /home/natalia/Documents/STUDING/ROS_bit_pel/install/robot_bringup/share/robot_bringup/worlds/intersection/right.sdf
[0.551s] -- Up-to-date: /home/natalia/Documents/STUDING/ROS_bit_pel/install/robot_bringup/share/robot_bringup/worlds/intersection/traffic_right.png
[0.552s] -- Up-to-date: /home/natalia/Documents/STUDING/ROS_bit_pel/install/robot_bringup/share/robot_bringup/worlds/intersection/left.sdf
[0.552s] -- Up-to-date: /home/natalia/Documents/STUDING/ROS_bit_pel/install/robot_bringup/share/robot_bringup/worlds/traffic_parking
[0.552s] -- Up-to-date: /home/natalia/Documents/STUDING/ROS_bit_pel/install/robot_bringup/share/robot_bringup/worlds/traffic_parking/model.config
[0.552s] -- Up-to-date: /home/natalia/Documents/STUDING/ROS_bit_pel/install/robot_bringup/share/robot_bringup/worlds/traffic_parking/traffic_parking.sdf
[0.552s] -- Up-to-date: /home/natalia/Documents/STUDING/ROS_bit_pel/install/robot_bringup/share/robot_bringup/worlds/traffic_parking/traffic_parking.png
[0.552s] -- Up-to-date: /home/natalia/Documents/STUDING/ROS_bit_pel/install/robot_bringup/share/robot_bringup/worlds/suv
[0.552s] -- Up-to-date: /home/natalia/Documents/STUDING/ROS_bit_pel/install/robot_bringup/share/robot_bringup/worlds/suv/suv.dae
[0.552s] -- Up-to-date: /home/natalia/Documents/STUDING/ROS_bit_pel/install/robot_bringup/share/robot_bringup/worlds/suv/suv.png
[0.553s] -- Up-to-date: /home/natalia/Documents/STUDING/ROS_bit_pel/install/robot_bringup/share/robot_bringup/worlds/suv/wheels_01.png
[0.553s] -- Up-to-date: /home/natalia/Documents/STUDING/ROS_bit_pel/install/robot_bringup/share/robot_bringup/worlds/suv/suv.sdf
[0.553s] -- Up-to-date: /home/natalia/Documents/STUDING/ROS_bit_pel/install/robot_bringup/share/robot_bringup/worlds/materials
[0.553s] -- Up-to-date: /home/natalia/Documents/STUDING/ROS_bit_pel/install/robot_bringup/share/robot_bringup/worlds/materials/Image_0.jpg
[0.553s] -- Up-to-date: /home/natalia/Documents/STUDING/ROS_bit_pel/install/robot_bringup/share/robot_bringup/worlds/materials/course_autorace_2025.glb
[0.553s] -- Up-to-date: /home/natalia/Documents/STUDING/ROS_bit_pel/install/robot_bringup/share/robot_bringup/worlds/materials/Image_0.002.jpg
[0.553s] -- Up-to-date: /home/natalia/Documents/STUDING/ROS_bit_pel/install/robot_bringup/share/robot_bringup/worlds/materials/Image_3.png
[0.554s] -- Up-to-date: /home/natalia/Documents/STUDING/ROS_bit_pel/install/robot_bringup/share/robot_bringup/worlds/materials/course.dae
[0.554s] -- Up-to-date: /home/natalia/Documents/STUDING/ROS_bit_pel/install/robot_bringup/share/robot_bringup/worlds/materials/course_v2.dae
[0.554s] -- Up-to-date: /home/natalia/Documents/STUDING/ROS_bit_pel/install/robot_bringup/share/robot_bringup/worlds/materials/course_v3.dae
[0.554s] -- Up-to-date: /home/natalia/Documents/STUDING/ROS_bit_pel/install/robot_bringup/share/robot_bringup/worlds/materials/course_v4.dae
[0.554s] -- Up-to-date: /home/natalia/Documents/STUDING/ROS_bit_pel/install/robot_bringup/share/robot_bringup/worlds/materials/pedestrian.sdf
[0.554s] -- Up-to-date: /home/natalia/Documents/STUDING/ROS_bit_pel/install/robot_bringup/share/robot_bringup/worlds/materials/Image_0.001.png
[0.554s] -- Up-to-date: /home/natalia/Documents/STUDING/ROS_bit_pel/install/robot_bringup/share/robot_bringup/worlds/obstacle.sdf
[0.554s] -- Up-to-date: /home/natalia/Documents/STUDING/ROS_bit_pel/install/robot_bringup/share/robot_bringup/worlds/pedestrian_crossing_sign
[0.554s] -- Up-to-date: /home/natalia/Documents/STUDING/ROS_bit_pel/install/robot_bringup/share/robot_bringup/worlds/pedestrian_crossing_sign/model.config
[0.554s] -- Up-to-date: /home/natalia/Documents/STUDING/ROS_bit_pel/install/robot_bringup/share/robot_bringup/worlds/pedestrian_crossing_sign/model.sdf
[0.554s] -- Up-to-date: /home/natalia/Documents/STUDING/ROS_bit_pel/install/robot_bringup/share/robot_bringup/worlds/pedestrian_crossing_sign/pedestrian_crossing_sign.png
[0.554s] -- Up-to-date: /home/natalia/Documents/STUDING/ROS_bit_pel/install/robot_bringup/share/robot_bringup/worlds/traffic_light
[0.554s] -- Up-to-date: /home/natalia/Documents/STUDING/ROS_bit_pel/install/robot_bringup/share/robot_bringup/worlds/traffic_light/yellow.sdf
[0.554s] -- Up-to-date: /home/natalia/Documents/STUDING/ROS_bit_pel/install/robot_bringup/share/robot_bringup/worlds/traffic_light/red.sdf
[0.554s] -- Up-to-date: /home/natalia/Documents/STUDING/ROS_bit_pel/install/robot_bringup/share/robot_bringup/worlds/traffic_light/traffic_light_yellow.png
[0.555s] -- Up-to-date: /home/natalia/Documents/STUDING/ROS_bit_pel/install/robot_bringup/share/robot_bringup/worlds/traffic_light/green.sdf
[0.555s] -- Up-to-date: /home/natalia/Documents/STUDING/ROS_bit_pel/install/robot_bringup/share/robot_bringup/worlds/traffic_light/traffic_light_red.png
[0.555s] -- Up-to-date: /home/natalia/Documents/STUDING/ROS_bit_pel/install/robot_bringup/share/robot_bringup/worlds/traffic_light/traffic_light_green.png
[0.555s] -- Up-to-date: /home/natalia/Documents/STUDING/ROS_bit_pel/install/robot_bringup/share/robot_bringup/environment/robot_bringup.dsv
[0.556s] -- Up-to-date: /home/natalia/Documents/STUDING/ROS_bit_pel/install/robot_bringup/share/robot_bringup/environment/robot_bringup.sh
[0.556s] -- Up-to-date: /home/natalia/Documents/STUDING/ROS_bit_pel/install/robot_bringup/share/ament_index/resource_index/package_run_dependencies/robot_bringup
[0.556s] -- Up-to-date: /home/natalia/Documents/STUDING/ROS_bit_pel/install/robot_bringup/share/ament_index/resource_index/parent_prefix_path/robot_bringup
[0.556s] -- Up-to-date: /home/natalia/Documents/STUDING/ROS_bit_pel/install/robot_bringup/share/robot_bringup/environment/ament_prefix_path.sh
[0.556s] -- Up-to-date: /home/natalia/Documents/STUDING/ROS_bit_pel/install/robot_bringup/share/robot_bringup/environment/ament_prefix_path.dsv
[0.557s] -- Up-to-date: /home/natalia/Documents/STUDING/ROS_bit_pel/install/robot_bringup/share/robot_bringup/environment/path.sh
[0.557s] -- Up-to-date: /home/natalia/Documents/STUDING/ROS_bit_pel/install/robot_bringup/share/robot_bringup/environment/path.dsv
[0.557s] -- Up-to-date: /home/natalia/Documents/STUDING/ROS_bit_pel/install/robot_bringup/share/robot_bringup/local_setup.bash
[0.557s] -- Up-to-date: /home/natalia/Documents/STUDING/ROS_bit_pel/install/robot_bringup/share/robot_bringup/local_setup.sh
[0.558s] -- Up-to-date: /home/natalia/Documents/STUDING/ROS_bit_pel/install/robot_bringup/share/robot_bringup/local_setup.zsh
[0.558s] -- Up-to-date: /home/natalia/Documents/STUDING/ROS_bit_pel/install/robot_bringup/share/robot_bringup/local_setup.dsv
[0.559s] -- Installing: /home/natalia/Documents/STUDING/ROS_bit_pel/install/robot_bringup/share/robot_bringup/package.dsv
[0.559s] -- Up-to-date: /home/natalia/Documents/STUDING/ROS_bit_pel/install/robot_bringup/share/ament_index/resource_index/packages/robot_bringup
[0.559s] -- Up-to-date: /home/natalia/Documents/STUDING/ROS_bit_pel/install/robot_bringup/share/robot_bringup/cmake/robot_bringupConfig.cmake
[0.559s] -- Up-to-date: /home/natalia/Documents/STUDING/ROS_bit_pel/install/robot_bringup/share/robot_bringup/cmake/robot_bringupConfig-version.cmake
[0.560s] -- Up-to-date: /home/natalia/Documents/STUDING/ROS_bit_pel/install/robot_bringup/share/robot_bringup/package.xml
[0.578s] Invoked command in '/home/natalia/Documents/STUDING/ROS_bit_pel/build/robot_bringup' returned '0': CMAKE_PREFIX_PATH=${CMAKE_PREFIX_PATH}:/home/natalia/Documents/STUDING/ROS_bit_pel/install/referee_console:/home/natalia/Documents/STUDING/ROS_bit_pel/install/autorace_detect:/opt/ros/jazzy DEBUGINFOD_URLS=https://debuginfod.ubuntu.com /usr/bin/cmake --install /home/natalia/Documents/STUDING/ROS_bit_pel/build/robot_bringup
