[1.473s] Invoking command in '/home/natalia/Documents/STUDING/ROS_bit_pel/build/robot_bringup': CMAKE_PREFIX_PATH=${CMAKE_PREFIX_PATH}:/home/natalia/Documents/STUDING/ROS_bit_pel/install/referee_console:/home/natalia/Documents/STUDING/ROS_bit_pel/install/autorace_detect:/opt/ros/jazzy DEBUGINFOD_URLS=https://debuginfod.ubuntu.com PS1=(venv) \[\e]0;\u@\h: \w\a\]${debian_chroot:+($debian_chroot)}\[\033[01;32m\]\u@\h\[\033[00m\]:\[\033[01;34m\]\w\[\033[00m\]\$ VIRTUAL_ENV_PROMPT=(venv) /usr/bin/cmake --build /home/natalia/Documents/STUDING/ROS_bit_pel/build/robot_bringup -- -j20 -l20
[1.514s] Invoked command in '/home/natalia/Documents/STUDING/ROS_bit_pel/build/robot_bringup' returned '0': CMAKE_PREFIX_PATH=${CMAKE_PREFIX_PATH}:/home/natalia/Documents/STUDING/ROS_bit_pel/install/referee_console:/home/natalia/Documents/STUDING/ROS_bit_pel/install/autorace_detect:/opt/ros/jazzy DEBUGINFOD_URLS=https://debuginfod.ubuntu.com PS1=(venv) \[\e]0;\u@\h: \w\a\]${debian_chroot:+($debian_chroot)}\[\033[01;32m\]\u@\h\[\033[00m\]:\[\033[01;34m\]\w\[\033[00m\]\$ VIRTUAL_ENV_PROMPT=(venv) /usr/bin/cmake --build /home/natalia/Documents/STUDING/ROS_bit_pel/build/robot_bringup -- -j20 -l20
[1.524s] Invoking command in '/home/natalia/Documents/STUDING/ROS_bit_pel/build/robot_bringup': CMAKE_PREFIX_PATH=${CMAKE_PREFIX_PATH}:/home/natalia/Documents/STUDING/ROS_bit_pel/install/referee_console:/home/natalia/Documents/STUDING/ROS_bit_pel/install/autorace_detect:/opt/ros/jazzy DEBUGINFOD_URLS=https://debuginfod.ubuntu.com PS1=(venv) \[\e]0;\u@\h: \w\a\]${debian_chroot:+($debian_chroot)}\[\033[01;32m\]\u@\h\[\033[00m\]:\[\033[01;34m\]\w\[\033[00m\]\$ VIRTUAL_ENV_PROMPT=(venv) /usr/bin/cmake --install /home/natalia/Documents/STUDING/ROS_bit_pel/build/robot_bringup
[1.533s] -- Install configuration: ""
[1.533s] -- Up-to-date: /home/natalia/Documents/STUDING/ROS_bit_pel/install/robot_bringup/share/robot_bringup/launch
[1.534s] -- Up-to-date: /home/natalia/Documents/STUDING/ROS_bit_pel/install/robot_bringup/share/robot_bringup/launch/nav_test.launch.py
[1.534s] -- Up-to-date: /home/natalia/Documents/STUDING/ROS_bit_pel/install/robot_bringup/share/robot_bringup/launch/autorace_2025.launch.py
[1.534s] -- Up-to-date: /home/natalia/Documents/STUDING/ROS_bit_pel/install/robot_bringup/share/robot_bringup/launch/diff_drive.launch.py
[1.534s] -- Up-to-date: /home/natalia/Documents/STUDING/ROS_bit_pel/install/robot_bringup/share/robot_bringup/config
[1.534s] -- Up-to-date: /home/natalia/Documents/STUDING/ROS_bit_pel/install/robot_bringup/share/robot_bringup/config/mapper.yaml
[1.534s] -- Up-to-date: /home/natalia/Documents/STUDING/ROS_bit_pel/install/robot_bringup/share/robot_bringup/config/robot_bridge_nav.yaml
[1.535s] -- Up-to-date: /home/natalia/Documents/STUDING/ROS_bit_pel/install/robot_bringup/share/robot_bringup/config/autorace_2023.rviz
[1.535s] -- Up-to-date: /home/natalia/Documents/STUDING/ROS_bit_pel/install/robot_bringup/share/robot_bringup/config/costmap.yaml
[1.535s] -- Up-to-date: /home/natalia/Documents/STUDING/ROS_bit_pel/install/robot_bringup/share/robot_bringup/config/diff_drive.rviz
[1.535s] -- Up-to-date: /home/natalia/Documents/STUDING/ROS_bit_pel/install/robot_bringup/share/robot_bringup/config/robot_bridge.yaml
[1.535s] -- Up-to-date: /home/natalia/Documents/STUDING/ROS_bit_pel/install/robot_bringup/share/robot_bringup/worlds
[1.535s] -- Up-to-date: /home/natalia/Documents/STUDING/ROS_bit_pel/install/robot_bringup/share/robot_bringup/worlds/course.sdf
[1.536s] -- Up-to-date: /home/natalia/Documents/STUDING/ROS_bit_pel/install/robot_bringup/share/robot_bringup/worlds/actor
[1.536s] -- Up-to-date: /home/natalia/Documents/STUDING/ROS_bit_pel/install/robot_bringup/share/robot_bringup/worlds/actor/actor.sdf
[1.536s] -- Up-to-date: /home/natalia/Documents/STUDING/ROS_bit_pel/install/robot_bringup/share/robot_bringup/worlds/actor/file6.png
[1.536s] -- Up-to-date: /home/natalia/Documents/STUDING/ROS_bit_pel/install/robot_bringup/share/robot_bringup/worlds/actor/actor.dae
[1.536s] -- Up-to-date: /home/natalia/Documents/STUDING/ROS_bit_pel/install/robot_bringup/share/robot_bringup/worlds/tunnel
[1.536s] -- Up-to-date: /home/natalia/Documents/STUDING/ROS_bit_pel/install/robot_bringup/share/robot_bringup/worlds/tunnel/tunnel.sdf
[1.537s] -- Up-to-date: /home/natalia/Documents/STUDING/ROS_bit_pel/install/robot_bringup/share/robot_bringup/worlds/tunnel/tunnel.glb
[1.537s] -- Up-to-date: /home/natalia/Documents/STUDING/ROS_bit_pel/install/robot_bringup/share/robot_bringup/worlds/tunnel/model.config
[1.537s] -- Up-to-date: /home/natalia/Documents/STUDING/ROS_bit_pel/install/robot_bringup/share/robot_bringup/worlds/construction_cone
[1.537s] -- Up-to-date: /home/natalia/Documents/STUDING/ROS_bit_pel/install/robot_bringup/share/robot_bringup/worlds/construction_cone/model.config
[1.537s] -- Up-to-date: /home/natalia/Documents/STUDING/ROS_bit_pel/install/robot_bringup/share/robot_bringup/worlds/construction_cone/construction_cone.dae
[1.538s] -- Up-to-date: /home/natalia/Documents/STUDING/ROS_bit_pel/install/robot_bringup/share/robot_bringup/worlds/construction_cone/Construction_Cone_Diffuse.png
[1.538s] -- Up-to-date: /home/natalia/Documents/STUDING/ROS_bit_pel/install/robot_bringup/share/robot_bringup/worlds/construction_cone/construction_cone.sdf
[1.538s] -- Up-to-date: /home/natalia/Documents/STUDING/ROS_bit_pel/install/robot_bringup/share/robot_bringup/worlds/traffic_construction
[1.538s] -- Up-to-date: /home/natalia/Documents/STUDING/ROS_bit_pel/install/robot_bringup/share/robot_bringup/worlds/traffic_construction/traffic_construction.png
[1.538s] -- Up-to-date: /home/natalia/Documents/STUDING/ROS_bit_pel/install/robot_bringup/share/robot_bringup/worlds/traffic_construction/model.config
[1.538s] -- Up-to-date: /home/natalia/Documents/STUDING/ROS_bit_pel/install/robot_bringup/share/robot_bringup/worlds/traffic_construction/traffic_construction.sdf
[1.538s] -- Up-to-date: /home/natalia/Documents/STUDING/ROS_bit_pel/install/robot_bringup/share/robot_bringup/worlds/obstacle_tall.sdf
[1.538s] -- Up-to-date: /home/natalia/Documents/STUDING/ROS_bit_pel/install/robot_bringup/share/robot_bringup/worlds/traffic_intersection
[1.538s] -- Up-to-date: /home/natalia/Documents/STUDING/ROS_bit_pel/install/robot_bringup/share/robot_bringup/worlds/traffic_intersection/traffic_intersection.png
[1.538s] -- Up-to-date: /home/natalia/Documents/STUDING/ROS_bit_pel/install/robot_bringup/share/robot_bringup/worlds/traffic_intersection/model.config
[1.538s] -- Up-to-date: /home/natalia/Documents/STUDING/ROS_bit_pel/install/robot_bringup/share/robot_bringup/worlds/traffic_intersection/traffic_intersection.sdf
[1.539s] -- Up-to-date: /home/natalia/Documents/STUDING/ROS_bit_pel/install/robot_bringup/share/robot_bringup/worlds/traffic_tunnel
[1.539s] -- Up-to-date: /home/natalia/Documents/STUDING/ROS_bit_pel/install/robot_bringup/share/robot_bringup/worlds/traffic_tunnel/traffic_tunnel.sdf
[1.539s] -- Up-to-date: /home/natalia/Documents/STUDING/ROS_bit_pel/install/robot_bringup/share/robot_bringup/worlds/traffic_tunnel/tunnel.png
[1.539s] -- Up-to-date: /home/natalia/Documents/STUDING/ROS_bit_pel/install/robot_bringup/share/robot_bringup/worlds/traffic_tunnel/model.config
[1.539s] -- Up-to-date: /home/natalia/Documents/STUDING/ROS_bit_pel/install/robot_bringup/share/robot_bringup/worlds/intersection
[1.539s] -- Up-to-date: /home/natalia/Documents/STUDING/ROS_bit_pel/install/robot_bringup/share/robot_bringup/worlds/intersection/traffic_left.png
[1.539s] -- Up-to-date: /home/natalia/Documents/STUDING/ROS_bit_pel/install/robot_bringup/share/robot_bringup/worlds/intersection/right.sdf
[1.539s] -- Up-to-date: /home/natalia/Documents/STUDING/ROS_bit_pel/install/robot_bringup/share/robot_bringup/worlds/intersection/traffic_right.png
[1.539s] -- Up-to-date: /home/natalia/Documents/STUDING/ROS_bit_pel/install/robot_bringup/share/robot_bringup/worlds/intersection/left.sdf
[1.539s] -- Up-to-date: /home/natalia/Documents/STUDING/ROS_bit_pel/install/robot_bringup/share/robot_bringup/worlds/traffic_parking
[1.539s] -- Up-to-date: /home/natalia/Documents/STUDING/ROS_bit_pel/install/robot_bringup/share/robot_bringup/worlds/traffic_parking/model.config
[1.540s] -- Up-to-date: /home/natalia/Documents/STUDING/ROS_bit_pel/install/robot_bringup/share/robot_bringup/worlds/traffic_parking/traffic_parking.sdf
[1.540s] -- Up-to-date: /home/natalia/Documents/STUDING/ROS_bit_pel/install/robot_bringup/share/robot_bringup/worlds/traffic_parking/traffic_parking.png
[1.540s] -- Up-to-date: /home/natalia/Documents/STUDING/ROS_bit_pel/install/robot_bringup/share/robot_bringup/worlds/suv
[1.540s] -- Up-to-date: /home/natalia/Documents/STUDING/ROS_bit_pel/install/robot_bringup/share/robot_bringup/worlds/suv/suv.dae
[1.540s] -- Up-to-date: /home/natalia/Documents/STUDING/ROS_bit_pel/install/robot_bringup/share/robot_bringup/worlds/suv/suv.png
[1.540s] -- Up-to-date: /home/natalia/Documents/STUDING/ROS_bit_pel/install/robot_bringup/share/robot_bringup/worlds/suv/wheels_01.png
[1.540s] -- Up-to-date: /home/natalia/Documents/STUDING/ROS_bit_pel/install/robot_bringup/share/robot_bringup/worlds/suv/suv.sdf
[1.540s] -- Up-to-date: /home/natalia/Documents/STUDING/ROS_bit_pel/install/robot_bringup/share/robot_bringup/worlds/materials
[1.540s] -- Up-to-date: /home/natalia/Documents/STUDING/ROS_bit_pel/install/robot_bringup/share/robot_bringup/worlds/materials/Image_0.jpg
[1.540s] -- Up-to-date: /home/natalia/Documents/STUDING/ROS_bit_pel/install/robot_bringup/share/robot_bringup/worlds/materials/course_autorace_2025.glb
[1.540s] -- Up-to-date: /home/natalia/Documents/STUDING/ROS_bit_pel/install/robot_bringup/share/robot_bringup/worlds/materials/Image_0.002.jpg
[1.540s] -- Up-to-date: /home/natalia/Documents/STUDING/ROS_bit_pel/install/robot_bringup/share/robot_bringup/worlds/materials/Image_3.png
[1.540s] -- Up-to-date: /home/natalia/Documents/STUDING/ROS_bit_pel/install/robot_bringup/share/robot_bringup/worlds/materials/course.dae
[1.540s] -- Up-to-date: /home/natalia/Documents/STUDING/ROS_bit_pel/install/robot_bringup/share/robot_bringup/worlds/materials/course_v2.dae
[1.540s] -- Up-to-date: /home/natalia/Documents/STUDING/ROS_bit_pel/install/robot_bringup/share/robot_bringup/worlds/materials/course_v3.dae
[1.540s] -- Up-to-date: /home/natalia/Documents/STUDING/ROS_bit_pel/install/robot_bringup/share/robot_bringup/worlds/materials/course_v4.dae
[1.541s] -- Up-to-date: /home/natalia/Documents/STUDING/ROS_bit_pel/install/robot_bringup/share/robot_bringup/worlds/materials/pedestrian.sdf
[1.541s] -- Up-to-date: /home/natalia/Documents/STUDING/ROS_bit_pel/install/robot_bringup/share/robot_bringup/worlds/materials/Image_0.001.png
[1.541s] -- Up-to-date: /home/natalia/Documents/STUDING/ROS_bit_pel/install/robot_bringup/share/robot_bringup/worlds/obstacle.sdf
[1.541s] -- Up-to-date: /home/natalia/Documents/STUDING/ROS_bit_pel/install/robot_bringup/share/robot_bringup/worlds/pedestrian_crossing_sign
[1.541s] -- Up-to-date: /home/natalia/Documents/STUDING/ROS_bit_pel/install/robot_bringup/share/robot_bringup/worlds/pedestrian_crossing_sign/model.config
[1.541s] -- Up-to-date: /home/natalia/Documents/STUDING/ROS_bit_pel/install/robot_bringup/share/robot_bringup/worlds/pedestrian_crossing_sign/model.sdf
[1.541s] -- Up-to-date: /home/natalia/Documents/STUDING/ROS_bit_pel/install/robot_bringup/share/robot_bringup/worlds/pedestrian_crossing_sign/pedestrian_crossing_sign.png
[1.541s] -- Up-to-date: /home/natalia/Documents/STUDING/ROS_bit_pel/install/robot_bringup/share/robot_bringup/worlds/traffic_light
[1.541s] -- Up-to-date: /home/natalia/Documents/STUDING/ROS_bit_pel/install/robot_bringup/share/robot_bringup/worlds/traffic_light/yellow.sdf
[1.542s] -- Up-to-date: /home/natalia/Documents/STUDING/ROS_bit_pel/install/robot_bringup/share/robot_bringup/worlds/traffic_light/red.sdf
[1.542s] -- Up-to-date: /home/natalia/Documents/STUDING/ROS_bit_pel/install/robot_bringup/share/robot_bringup/worlds/traffic_light/traffic_light_yellow.png
[1.542s] -- Up-to-date: /home/natalia/Documents/STUDING/ROS_bit_pel/install/robot_bringup/share/robot_bringup/worlds/traffic_light/green.sdf
[1.542s] -- Up-to-date: /home/natalia/Documents/STUDING/ROS_bit_pel/install/robot_bringup/share/robot_bringup/worlds/traffic_light/traffic_light_red.png
[1.542s] -- Up-to-date: /home/natalia/Documents/STUDING/ROS_bit_pel/install/robot_bringup/share/robot_bringup/worlds/traffic_light/traffic_light_green.png
[1.542s] -- Up-to-date: /home/natalia/Documents/STUDING/ROS_bit_pel/install/robot_bringup/share/robot_bringup/environment/robot_bringup.dsv
[1.542s] -- Up-to-date: /home/natalia/Documents/STUDING/ROS_bit_pel/install/robot_bringup/share/robot_bringup/environment/robot_bringup.sh
[1.542s] -- Up-to-date: /home/natalia/Documents/STUDING/ROS_bit_pel/install/robot_bringup/share/ament_index/resource_index/package_run_dependencies/robot_bringup
[1.542s] -- Up-to-date: /home/natalia/Documents/STUDING/ROS_bit_pel/install/robot_bringup/share/ament_index/resource_index/parent_prefix_path/robot_bringup
[1.542s] -- Up-to-date: /home/natalia/Documents/STUDING/ROS_bit_pel/install/robot_bringup/share/robot_bringup/environment/ament_prefix_path.sh
[1.542s] -- Up-to-date: /home/natalia/Documents/STUDING/ROS_bit_pel/install/robot_bringup/share/robot_bringup/environment/ament_prefix_path.dsv
[1.542s] -- Up-to-date: /home/natalia/Documents/STUDING/ROS_bit_pel/install/robot_bringup/share/robot_bringup/environment/path.sh
[1.542s] -- Up-to-date: /home/natalia/Documents/STUDING/ROS_bit_pel/install/robot_bringup/share/robot_bringup/environment/path.dsv
[1.542s] -- Up-to-date: /home/natalia/Documents/STUDING/ROS_bit_pel/install/robot_bringup/share/robot_bringup/local_setup.bash
[1.542s] -- Up-to-date: /home/natalia/Documents/STUDING/ROS_bit_pel/install/robot_bringup/share/robot_bringup/local_setup.sh
[1.542s] -- Up-to-date: /home/natalia/Documents/STUDING/ROS_bit_pel/install/robot_bringup/share/robot_bringup/local_setup.zsh
[1.542s] -- Up-to-date: /home/natalia/Documents/STUDING/ROS_bit_pel/install/robot_bringup/share/robot_bringup/local_setup.dsv
[1.542s] -- Installing: /home/natalia/Documents/STUDING/ROS_bit_pel/install/robot_bringup/share/robot_bringup/package.dsv
[1.543s] -- Up-to-date: /home/natalia/Documents/STUDING/ROS_bit_pel/install/robot_bringup/share/ament_index/resource_index/packages/robot_bringup
[1.543s] -- Up-to-date: /home/natalia/Documents/STUDING/ROS_bit_pel/install/robot_bringup/share/robot_bringup/cmake/robot_bringupConfig.cmake
[1.543s] -- Up-to-date: /home/natalia/Documents/STUDING/ROS_bit_pel/install/robot_bringup/share/robot_bringup/cmake/robot_bringupConfig-version.cmake
[1.543s] -- Up-to-date: /home/natalia/Documents/STUDING/ROS_bit_pel/install/robot_bringup/share/robot_bringup/package.xml
[1.545s] Invoked command in '/home/natalia/Documents/STUDING/ROS_bit_pel/build/robot_bringup' returned '0': CMAKE_PREFIX_PATH=${CMAKE_PREFIX_PATH}:/home/natalia/Documents/STUDING/ROS_bit_pel/install/referee_console:/home/natalia/Documents/STUDING/ROS_bit_pel/install/autorace_detect:/opt/ros/jazzy DEBUGINFOD_URLS=https://debuginfod.ubuntu.com PS1=(venv) \[\e]0;\u@\h: \w\a\]${debian_chroot:+($debian_chroot)}\[\033[01;32m\]\u@\h\[\033[00m\]:\[\033[01;34m\]\w\[\033[00m\]\$ VIRTUAL_ENV_PROMPT=(venv) /usr/bin/cmake --install /home/natalia/Documents/STUDING/ROS_bit_pel/build/robot_bringup
