[0.574s] Invoking command in '/home/natalia/Documents/STUDING/ROS_bit_pel/autorace_detect': DEBUGINFOD_URLS=https://debuginfod.ubuntu.com PYTHONPATH=/home/natalia/Documents/STUDING/ROS_bit_pel/build/autorace_detect/prefix_override:/usr/lib/python3/dist-packages/colcon_core/task/python/colcon_distutils_commands:/home/natalia/Documents/STUDING/ROS_bit_pel/install/autorace_detect/lib/python3.12/site-packages:${PYTHONPATH} /usr/bin/python3 -W ignore:setup.py install is deprecated -W ignore:easy_install command is deprecated setup.py egg_info --egg-base ../build/autorace_detect build --build-base /home/natalia/Documents/STUDING/ROS_bit_pel/build/autorace_detect/build install --record /home/natalia/Documents/STUDING/ROS_bit_pel/build/autorace_detect/install.log --single-version-externally-managed install_data
[0.716s] running egg_info
[0.725s] writing ../build/autorace_detect/autorace_detect.egg-info/PKG-INFO
[0.725s] writing dependency_links to ../build/autorace_detect/autorace_detect.egg-info/dependency_links.txt
[0.725s] writing entry points to ../build/autorace_detect/autorace_detect.egg-info/entry_points.txt
[0.725s] writing requirements to ../build/autorace_detect/autorace_detect.egg-info/requires.txt
[0.725s] writing top-level names to ../build/autorace_detect/autorace_detect.egg-info/top_level.txt
[0.745s] reading manifest file '../build/autorace_detect/autorace_detect.egg-info/SOURCES.txt'
[0.745s] writing manifest file '../build/autorace_detect/autorace_detect.egg-info/SOURCES.txt'
[0.745s] running build
[0.745s] running build_py
[0.745s] copying autorace_detect/follow_path.py -> /home/natalia/Documents/STUDING/ROS_bit_pel/build/autorace_detect/build/lib/autorace_detect
[0.746s] running install
[0.749s] running install_lib
[0.759s] copying /home/natalia/Documents/STUDING/ROS_bit_pel/build/autorace_detect/build/lib/autorace_detect/follow_path.py -> /home/natalia/Documents/STUDING/ROS_bit_pel/install/autorace_detect/lib/python3.12/site-packages/autorace_detect
[0.759s] byte-compiling /home/natalia/Documents/STUDING/ROS_bit_pel/install/autorace_detect/lib/python3.12/site-packages/autorace_detect/follow_path.py to follow_path.cpython-312.pyc
[0.762s] running install_data
[0.762s] running install_egg_info
[0.772s] removing '/home/natalia/Documents/STUDING/ROS_bit_pel/install/autorace_detect/lib/python3.12/site-packages/autorace_detect-0.0.0-py3.12.egg-info' (and everything under it)
[0.772s] Copying ../build/autorace_detect/autorace_detect.egg-info to /home/natalia/Documents/STUDING/ROS_bit_pel/install/autorace_detect/lib/python3.12/site-packages/autorace_detect-0.0.0-py3.12.egg-info
[0.773s] running install_scripts
[0.840s] Installing follow_path script to /home/natalia/Documents/STUDING/ROS_bit_pel/install/autorace_detect/lib/autorace_detect
[0.840s] writing list of installed files to '/home/natalia/Documents/STUDING/ROS_bit_pel/build/autorace_detect/install.log'
[0.856s] Invoked command in '/home/natalia/Documents/STUDING/ROS_bit_pel/autorace_detect' returned '0': DEBUGINFOD_URLS=https://debuginfod.ubuntu.com PYTHONPATH=/home/natalia/Documents/STUDING/ROS_bit_pel/build/autorace_detect/prefix_override:/usr/lib/python3/dist-packages/colcon_core/task/python/colcon_distutils_commands:/home/natalia/Documents/STUDING/ROS_bit_pel/install/autorace_detect/lib/python3.12/site-packages:${PYTHONPATH} /usr/bin/python3 -W ignore:setup.py install is deprecated -W ignore:easy_install command is deprecated setup.py egg_info --egg-base ../build/autorace_detect build --build-base /home/natalia/Documents/STUDING/ROS_bit_pel/build/autorace_detect/build install --record /home/natalia/Documents/STUDING/ROS_bit_pel/build/autorace_detect/install.log --single-version-externally-managed install_data
