[1.432s] Invoking command in '/home/natalia/Documents/STUDING/ROS_bit_pel/build/robot_description': CMAKE_PREFIX_PATH=${CMAKE_PREFIX_PATH}:/home/natalia/Documents/STUDING/ROS_bit_pel/install/referee_console:/home/natalia/Documents/STUDING/ROS_bit_pel/install/autorace_detect:/opt/ros/jazzy DEBUGINFOD_URLS=https://debuginfod.ubuntu.com PS1=(venv) \[\e]0;\u@\h: \w\a\]${debian_chroot:+($debian_chroot)}\[\033[01;32m\]\u@\h\[\033[00m\]:\[\033[01;34m\]\w\[\033[00m\]\$ VIRTUAL_ENV_PROMPT=(venv) /usr/bin/cmake --build /home/natalia/Documents/STUDING/ROS_bit_pel/build/robot_description -- -j20 -l20
[1.568s] Invoked command in '/home/natalia/Documents/STUDING/ROS_bit_pel/build/robot_description' returned '0': CMAKE_PREFIX_PATH=${CMAKE_PREFIX_PATH}:/home/natalia/Documents/STUDING/ROS_bit_pel/install/referee_console:/home/natalia/Documents/STUDING/ROS_bit_pel/install/autorace_detect:/opt/ros/jazzy DEBUGINFOD_URLS=https://debuginfod.ubuntu.com PS1=(venv) \[\e]0;\u@\h: \w\a\]${debian_chroot:+($debian_chroot)}\[\033[01;32m\]\u@\h\[\033[00m\]:\[\033[01;34m\]\w\[\033[00m\]\$ VIRTUAL_ENV_PROMPT=(venv) /usr/bin/cmake --build /home/natalia/Documents/STUDING/ROS_bit_pel/build/robot_description -- -j20 -l20
[1.570s] Invoking command in '/home/natalia/Documents/STUDING/ROS_bit_pel/build/robot_description': CMAKE_PREFIX_PATH=${CMAKE_PREFIX_PATH}:/home/natalia/Documents/STUDING/ROS_bit_pel/install/referee_console:/home/natalia/Documents/STUDING/ROS_bit_pel/install/autorace_detect:/opt/ros/jazzy DEBUGINFOD_URLS=https://debuginfod.ubuntu.com PS1=(venv) \[\e]0;\u@\h: \w\a\]${debian_chroot:+($debian_chroot)}\[\033[01;32m\]\u@\h\[\033[00m\]:\[\033[01;34m\]\w\[\033[00m\]\$ VIRTUAL_ENV_PROMPT=(venv) /usr/bin/cmake --install /home/natalia/Documents/STUDING/ROS_bit_pel/build/robot_description
[1.590s] -- Install configuration: ""
[1.590s] -- Up-to-date: /home/natalia/Documents/STUDING/ROS_bit_pel/install/robot_description/share/robot_description//urdf
[1.590s] -- Up-to-date: /home/natalia/Documents/STUDING/ROS_bit_pel/install/robot_description/share/robot_description//urdf/lidar.urdf.xacro
[1.590s] -- Up-to-date: /home/natalia/Documents/STUDING/ROS_bit_pel/install/robot_description/share/robot_description//urdf/right_tire.stl
[1.590s] -- Up-to-date: /home/natalia/Documents/STUDING/ROS_bit_pel/install/robot_description/share/robot_description//urdf/wheelpin_front.stl
[1.590s] -- Up-to-date: /home/natalia/Documents/STUDING/ROS_bit_pel/install/robot_description/share/robot_description//urdf/lidar_sim.stl
[1.590s] -- Up-to-date: /home/natalia/Documents/STUDING/ROS_bit_pel/install/robot_description/share/robot_description//urdf/robot.urdf.xacro
[1.590s] -- Up-to-date: /home/natalia/Documents/STUDING/ROS_bit_pel/install/robot_description/share/robot_description//urdf/d455_sim.stl
[1.590s] -- Up-to-date: /home/natalia/Documents/STUDING/ROS_bit_pel/install/robot_description/share/robot_description//urdf/body_center_sim.stl
[1.590s] -- Up-to-date: /home/natalia/Documents/STUDING/ROS_bit_pel/install/robot_description/share/robot_description//urdf/left_tire.stl
[1.590s] -- Up-to-date: /home/natalia/Documents/STUDING/ROS_bit_pel/install/robot_description/share/robot_description//urdf/depth.urdf.xacro
[1.590s] -- Up-to-date: /home/natalia/Documents/STUDING/ROS_bit_pel/install/robot_description/share/robot_description//urdf/right_tire_sim.stl
[1.590s] -- Up-to-date: /home/natalia/Documents/STUDING/ROS_bit_pel/install/robot_description/share/robot_description//urdf/left_tire_sim.stl
[1.590s] -- Up-to-date: /home/natalia/Documents/STUDING/ROS_bit_pel/install/robot_description/share/robot_description//urdf/wheelpin_rear.stl
[1.590s] -- Up-to-date: /home/natalia/Documents/STUDING/ROS_bit_pel/install/robot_description/share/robot_description//urdf/lidar.stl
[1.591s] -- Up-to-date: /home/natalia/Documents/STUDING/ROS_bit_pel/install/robot_description/share/robot_description//urdf/gazebo.urdf.xacro
[1.591s] -- Up-to-date: /home/natalia/Documents/STUDING/ROS_bit_pel/install/robot_description/share/robot_description//urdf/body_center.stl
[1.591s] -- Up-to-date: /home/natalia/Documents/STUDING/ROS_bit_pel/install/robot_description/share/robot_description//urdf/d455.stl
[1.591s] -- Up-to-date: /home/natalia/Documents/STUDING/ROS_bit_pel/install/robot_description/share/ament_index/resource_index/package_run_dependencies/robot_description
[1.591s] -- Up-to-date: /home/natalia/Documents/STUDING/ROS_bit_pel/install/robot_description/share/ament_index/resource_index/parent_prefix_path/robot_description
[1.591s] -- Up-to-date: /home/natalia/Documents/STUDING/ROS_bit_pel/install/robot_description/share/robot_description/environment/ament_prefix_path.sh
[1.591s] -- Up-to-date: /home/natalia/Documents/STUDING/ROS_bit_pel/install/robot_description/share/robot_description/environment/ament_prefix_path.dsv
[1.591s] -- Up-to-date: /home/natalia/Documents/STUDING/ROS_bit_pel/install/robot_description/share/robot_description/environment/path.sh
[1.591s] -- Up-to-date: /home/natalia/Documents/STUDING/ROS_bit_pel/install/robot_description/share/robot_description/environment/path.dsv
[1.591s] -- Up-to-date: /home/natalia/Documents/STUDING/ROS_bit_pel/install/robot_description/share/robot_description/local_setup.bash
[1.591s] -- Up-to-date: /home/natalia/Documents/STUDING/ROS_bit_pel/install/robot_description/share/robot_description/local_setup.sh
[1.592s] -- Up-to-date: /home/natalia/Documents/STUDING/ROS_bit_pel/install/robot_description/share/robot_description/local_setup.zsh
[1.592s] -- Up-to-date: /home/natalia/Documents/STUDING/ROS_bit_pel/install/robot_description/share/robot_description/local_setup.dsv
[1.592s] -- Installing: /home/natalia/Documents/STUDING/ROS_bit_pel/install/robot_description/share/robot_description/package.dsv
[1.592s] -- Up-to-date: /home/natalia/Documents/STUDING/ROS_bit_pel/install/robot_description/share/ament_index/resource_index/packages/robot_description
[1.592s] -- Up-to-date: /home/natalia/Documents/STUDING/ROS_bit_pel/install/robot_description/share/robot_description/cmake/robot_descriptionConfig.cmake
[1.592s] -- Up-to-date: /home/natalia/Documents/STUDING/ROS_bit_pel/install/robot_description/share/robot_description/cmake/robot_descriptionConfig-version.cmake
[1.592s] -- Up-to-date: /home/natalia/Documents/STUDING/ROS_bit_pel/install/robot_description/share/robot_description/package.xml
[1.632s] Invoked command in '/home/natalia/Documents/STUDING/ROS_bit_pel/build/robot_description' returned '0': CMAKE_PREFIX_PATH=${CMAKE_PREFIX_PATH}:/home/natalia/Documents/STUDING/ROS_bit_pel/install/referee_console:/home/natalia/Documents/STUDING/ROS_bit_pel/install/autorace_detect:/opt/ros/jazzy DEBUGINFOD_URLS=https://debuginfod.ubuntu.com PS1=(venv) \[\e]0;\u@\h: \w\a\]${debian_chroot:+($debian_chroot)}\[\033[01;32m\]\u@\h\[\033[00m\]:\[\033[01;34m\]\w\[\033[00m\]\$ VIRTUAL_ENV_PROMPT=(venv) /usr/bin/cmake --install /home/natalia/Documents/STUDING/ROS_bit_pel/build/robot_description
