[0.711s] Invoking command in '/home/natalia/Documents/STUDING/ROS_bit_pel/my_robot/referee_console': DEBUGINFOD_URLS=https://debuginfod.ubuntu.com PS1=(venv) \[\e]0;\u@\h: \w\a\]${debian_chroot:+($debian_chroot)}\[\033[01;32m\]\u@\h\[\033[00m\]:\[\033[01;34m\]\w\[\033[00m\]\$ PYTHONPATH=/home/natalia/Documents/STUDING/ROS_bit_pel/build/referee_console/prefix_override:/usr/lib/python3/dist-packages/colcon_core/task/python/colcon_distutils_commands:/home/natalia/Documents/STUDING/ROS_bit_pel/install/referee_console/lib/python3.12/site-packages:${PYTHONPATH} VIRTUAL_ENV_PROMPT=(venv) /usr/bin/python3 -W ignore:setup.py install is deprecated -W ignore:easy_install command is deprecated setup.py egg_info --egg-base ../../build/referee_console build --build-base /home/natalia/Documents/STUDING/ROS_bit_pel/build/referee_console/build install --record /home/natalia/Documents/STUDING/ROS_bit_pel/build/referee_console/install.log --single-version-externally-managed install_data
[0.942s] running egg_info
[0.956s] writing ../../build/referee_console/referee_console.egg-info/PKG-INFO
[0.956s] writing dependency_links to ../../build/referee_console/referee_console.egg-info/dependency_links.txt
[0.956s] writing entry points to ../../build/referee_console/referee_console.egg-info/entry_points.txt
[0.956s] writing requirements to ../../build/referee_console/referee_console.egg-info/requires.txt
[0.956s] writing top-level names to ../../build/referee_console/referee_console.egg-info/top_level.txt
[0.988s] reading manifest file '../../build/referee_console/referee_console.egg-info/SOURCES.txt'
[0.988s] writing manifest file '../../build/referee_console/referee_console.egg-info/SOURCES.txt'
[0.988s] running build
[0.989s] running build_py
[0.989s] running install
[0.995s] running install_lib
[1.010s] running install_data
[1.011s] running install_egg_info
[1.027s] removing '/home/natalia/Documents/STUDING/ROS_bit_pel/install/referee_console/lib/python3.12/site-packages/referee_console-0.1.0-py3.12.egg-info' (and everything under it)
[1.027s] Copying ../../build/referee_console/referee_console.egg-info to /home/natalia/Documents/STUDING/ROS_bit_pel/install/referee_console/lib/python3.12/site-packages/referee_console-0.1.0-py3.12.egg-info
[1.027s] running install_scripts
[1.133s] Installing mission_autorace_2025_referee script to /home/natalia/Documents/STUDING/ROS_bit_pel/install/referee_console/lib/referee_console
[1.133s] writing list of installed files to '/home/natalia/Documents/STUDING/ROS_bit_pel/build/referee_console/install.log'
[1.164s] Invoked command in '/home/natalia/Documents/STUDING/ROS_bit_pel/my_robot/referee_console' returned '0': DEBUGINFOD_URLS=https://debuginfod.ubuntu.com PS1=(venv) \[\e]0;\u@\h: \w\a\]${debian_chroot:+($debian_chroot)}\[\033[01;32m\]\u@\h\[\033[00m\]:\[\033[01;34m\]\w\[\033[00m\]\$ PYTHONPATH=/home/natalia/Documents/STUDING/ROS_bit_pel/build/referee_console/prefix_override:/usr/lib/python3/dist-packages/colcon_core/task/python/colcon_distutils_commands:/home/natalia/Documents/STUDING/ROS_bit_pel/install/referee_console/lib/python3.12/site-packages:${PYTHONPATH} VIRTUAL_ENV_PROMPT=(venv) /usr/bin/python3 -W ignore:setup.py install is deprecated -W ignore:easy_install command is deprecated setup.py egg_info --egg-base ../../build/referee_console build --build-base /home/natalia/Documents/STUDING/ROS_bit_pel/build/referee_console/build install --record /home/natalia/Documents/STUDING/ROS_bit_pel/build/referee_console/install.log --single-version-externally-managed install_data
