running egg_info
creating ../../build/referee_console/referee_console.egg-info
writing ../../build/referee_console/referee_console.egg-info/PKG-INFO
writing dependency_links to ../../build/referee_console/referee_console.egg-info/dependency_links.txt
writing entry points to ../../build/referee_console/referee_console.egg-info/entry_points.txt
writing requirements to ../../build/referee_console/referee_console.egg-info/requires.txt
writing top-level names to ../../build/referee_console/referee_console.egg-info/top_level.txt
writing manifest file '../../build/referee_console/referee_console.egg-info/SOURCES.txt'
reading manifest file '../../build/referee_console/referee_console.egg-info/SOURCES.txt'
writing manifest file '../../build/referee_console/referee_console.egg-info/SOURCES.txt'
running build
running build_py
creating /home/natalia/Documents/STUDING/ROS_bit_pel/build/referee_console/build
creating /home/natalia/Documents/STUDING/ROS_bit_pel/build/referee_console/build/lib
creating /home/natalia/Documents/STUDING/ROS_bit_pel/build/referee_console/build/lib/referee_console
copying referee_console/mission_autorace_2025_referee.py -> /home/natalia/Documents/STUDING/ROS_bit_pel/build/referee_console/build/lib/referee_console
copying referee_console/__init__.py -> /home/natalia/Documents/STUDING/ROS_bit_pel/build/referee_console/build/lib/referee_console
running install
running install_lib
creating /home/natalia/Documents/STUDING/ROS_bit_pel/install/referee_console/lib/python3.12/site-packages/referee_console
copying /home/natalia/Documents/STUDING/ROS_bit_pel/build/referee_console/build/lib/referee_console/mission_autorace_2025_referee.py -> /home/natalia/Documents/STUDING/ROS_bit_pel/install/referee_console/lib/python3.12/site-packages/referee_console
copying /home/natalia/Documents/STUDING/ROS_bit_pel/build/referee_console/build/lib/referee_console/__init__.py -> /home/natalia/Documents/STUDING/ROS_bit_pel/install/referee_console/lib/python3.12/site-packages/referee_console
byte-compiling /home/natalia/Documents/STUDING/ROS_bit_pel/install/referee_console/lib/python3.12/site-packages/referee_console/mission_autorace_2025_referee.py to mission_autorace_2025_referee.cpython-312.pyc
byte-compiling /home/natalia/Documents/STUDING/ROS_bit_pel/install/referee_console/lib/python3.12/site-packages/referee_console/__init__.py to __init__.cpython-312.pyc
running install_data
creating /home/natalia/Documents/STUDING/ROS_bit_pel/install/referee_console/share/ament_index
creating /home/natalia/Documents/STUDING/ROS_bit_pel/install/referee_console/share/ament_index/resource_index
creating /home/natalia/Documents/STUDING/ROS_bit_pel/install/referee_console/share/ament_index/resource_index/packages
copying resource/referee_console -> /home/natalia/Documents/STUDING/ROS_bit_pel/install/referee_console/share/ament_index/resource_index/packages
copying package.xml -> /home/natalia/Documents/STUDING/ROS_bit_pel/install/referee_console/share/referee_console
running install_egg_info
Copying ../../build/referee_console/referee_console.egg-info to /home/natalia/Documents/STUDING/ROS_bit_pel/install/referee_console/lib/python3.12/site-packages/referee_console-0.1.0-py3.12.egg-info
running install_scripts
Installing mission_autorace_2025_referee script to /home/natalia/Documents/STUDING/ROS_bit_pel/install/referee_console/lib/referee_console
writing list of installed files to '/home/natalia/Documents/STUDING/ROS_bit_pel/build/referee_console/install.log'
