[0.761s] Invoking command in '/home/natalia/Documents/STUDING/ROS_bit_pel/autorace_detect': DEBUGINFOD_URLS=https://debuginfod.ubuntu.com PS1=(venv) \[\e]0;\u@\h: \w\a\]${debian_chroot:+($debian_chroot)}\[\033[01;32m\]\u@\h\[\033[00m\]:\[\033[01;34m\]\w\[\033[00m\]\$ PYTHONPATH=/home/natalia/Documents/STUDING/ROS_bit_pel/build/autorace_detect/prefix_override:/usr/lib/python3/dist-packages/colcon_core/task/python/colcon_distutils_commands:/home/natalia/Documents/STUDING/ROS_bit_pel/install/autorace_detect/lib/python3.12/site-packages:${PYTHONPATH} VIRTUAL_ENV_PROMPT=(venv) /usr/bin/python3 -W ignore:setup.py install is deprecated -W ignore:easy_install command is deprecated setup.py egg_info --egg-base ../build/autorace_detect build --build-base /home/natalia/Documents/STUDING/ROS_bit_pel/build/autorace_detect/build install --record /home/natalia/Documents/STUDING/ROS_bit_pel/build/autorace_detect/install.log --single-version-externally-managed install_data
[0.969s] running egg_info
[0.981s] writing ../build/autorace_detect/autorace_detect.egg-info/PKG-INFO
[0.981s] writing dependency_links to ../build/autorace_detect/autorace_detect.egg-info/dependency_links.txt
[0.982s] writing entry points to ../build/autorace_detect/autorace_detect.egg-info/entry_points.txt
[0.982s] writing requirements to ../build/autorace_detect/autorace_detect.egg-info/requires.txt
[0.982s] writing top-level names to ../build/autorace_detect/autorace_detect.egg-info/top_level.txt
[1.007s] reading manifest file '../build/autorace_detect/autorace_detect.egg-info/SOURCES.txt'
[1.008s] writing manifest file '../build/autorace_detect/autorace_detect.egg-info/SOURCES.txt'
[1.008s] running build
[1.008s] running build_py
[1.008s] copying autorace_detect/follow_path.py -> /home/natalia/Documents/STUDING/ROS_bit_pel/build/autorace_detect/build/lib/autorace_detect
[1.008s] copying module/traffic_direction.py -> /home/natalia/Documents/STUDING/ROS_bit_pel/build/autorace_detect/build/lib/module
[1.008s] running install
[1.013s] running install_lib
[1.028s] copying /home/natalia/Documents/STUDING/ROS_bit_pel/build/autorace_detect/build/lib/autorace_detect/follow_path.py -> /home/natalia/Documents/STUDING/ROS_bit_pel/install/autorace_detect/lib/python3.12/site-packages/autorace_detect
[1.028s] copying /home/natalia/Documents/STUDING/ROS_bit_pel/build/autorace_detect/build/lib/module/traffic_direction.py -> /home/natalia/Documents/STUDING/ROS_bit_pel/install/autorace_detect/lib/python3.12/site-packages/module
[1.029s] byte-compiling /home/natalia/Documents/STUDING/ROS_bit_pel/install/autorace_detect/lib/python3.12/site-packages/autorace_detect/follow_path.py to follow_path.cpython-312.pyc
[1.033s] byte-compiling /home/natalia/Documents/STUDING/ROS_bit_pel/install/autorace_detect/lib/python3.12/site-packages/module/traffic_direction.py to traffic_direction.cpython-312.pyc
[1.035s] running install_data
[1.036s] running install_egg_info
[1.053s] removing '/home/natalia/Documents/STUDING/ROS_bit_pel/install/autorace_detect/lib/python3.12/site-packages/autorace_detect-0.0.0-py3.12.egg-info' (and everything under it)
[1.054s] Copying ../build/autorace_detect/autorace_detect.egg-info to /home/natalia/Documents/STUDING/ROS_bit_pel/install/autorace_detect/lib/python3.12/site-packages/autorace_detect-0.0.0-py3.12.egg-info
[1.054s] running install_scripts
[1.144s] Installing follow_path script to /home/natalia/Documents/STUDING/ROS_bit_pel/install/autorace_detect/lib/autorace_detect
[1.145s] writing list of installed files to '/home/natalia/Documents/STUDING/ROS_bit_pel/build/autorace_detect/install.log'
[1.168s] Invoked command in '/home/natalia/Documents/STUDING/ROS_bit_pel/autorace_detect' returned '0': DEBUGINFOD_URLS=https://debuginfod.ubuntu.com PS1=(venv) \[\e]0;\u@\h: \w\a\]${debian_chroot:+($debian_chroot)}\[\033[01;32m\]\u@\h\[\033[00m\]:\[\033[01;34m\]\w\[\033[00m\]\$ PYTHONPATH=/home/natalia/Documents/STUDING/ROS_bit_pel/build/autorace_detect/prefix_override:/usr/lib/python3/dist-packages/colcon_core/task/python/colcon_distutils_commands:/home/natalia/Documents/STUDING/ROS_bit_pel/install/autorace_detect/lib/python3.12/site-packages:${PYTHONPATH} VIRTUAL_ENV_PROMPT=(venv) /usr/bin/python3 -W ignore:setup.py install is deprecated -W ignore:easy_install command is deprecated setup.py egg_info --egg-base ../build/autorace_detect build --build-base /home/natalia/Documents/STUDING/ROS_bit_pel/build/autorace_detect/build install --record /home/natalia/Documents/STUDING/ROS_bit_pel/build/autorace_detect/install.log --single-version-externally-managed install_data
