[2.582s] Invoking command in '/home/natalia/Documents/STUDING/ROS_bit_pel/autorace_detect': DEBUGINFOD_URLS=https://debuginfod.ubuntu.com PYTHONPATH=/home/natalia/Documents/STUDING/ROS_bit_pel/build/autorace_detect/prefix_override:/usr/lib/python3/dist-packages/colcon_core/task/python/colcon_distutils_commands:/home/natalia/Documents/STUDING/ROS_bit_pel/install/autorace_detect/lib/python3.12/site-packages:${PYTHONPATH} /usr/bin/python3 -W ignore:setup.py install is deprecated -W ignore:easy_install command is deprecated setup.py egg_info --egg-base ../build/autorace_detect build --build-base /home/natalia/Documents/STUDING/ROS_bit_pel/build/autorace_detect/build install --record /home/natalia/Documents/STUDING/ROS_bit_pel/build/autorace_detect/install.log --single-version-externally-managed install_data
[2.880s] running egg_info
[2.880s] creating ../build/autorace_detect/autorace_detect.egg-info
[2.899s] writing ../build/autorace_detect/autorace_detect.egg-info/PKG-INFO
[2.899s] writing dependency_links to ../build/autorace_detect/autorace_detect.egg-info/dependency_links.txt
[2.899s] writing entry points to ../build/autorace_detect/autorace_detect.egg-info/entry_points.txt
[2.900s] writing requirements to ../build/autorace_detect/autorace_detect.egg-info/requires.txt
[2.900s] writing top-level names to ../build/autorace_detect/autorace_detect.egg-info/top_level.txt
[2.900s] writing manifest file '../build/autorace_detect/autorace_detect.egg-info/SOURCES.txt'
[2.941s] reading manifest file '../build/autorace_detect/autorace_detect.egg-info/SOURCES.txt'
[2.941s] adding license file 'LICENSE'
[2.942s] writing manifest file '../build/autorace_detect/autorace_detect.egg-info/SOURCES.txt'
[2.942s] running build
[2.942s] running build_py
[2.942s] creating /home/natalia/Documents/STUDING/ROS_bit_pel/build/autorace_detect/build
[2.942s] creating /home/natalia/Documents/STUDING/ROS_bit_pel/build/autorace_detect/build/lib
[2.943s] creating /home/natalia/Documents/STUDING/ROS_bit_pel/build/autorace_detect/build/lib/autorace_detect
[2.943s] copying autorace_detect/__init__.py -> /home/natalia/Documents/STUDING/ROS_bit_pel/build/autorace_detect/build/lib/autorace_detect
[2.943s] copying autorace_detect/follow_path.py -> /home/natalia/Documents/STUDING/ROS_bit_pel/build/autorace_detect/build/lib/autorace_detect
[2.943s] creating /home/natalia/Documents/STUDING/ROS_bit_pel/build/autorace_detect/build/lib/module
[2.944s] copying module/logger.py -> /home/natalia/Documents/STUDING/ROS_bit_pel/build/autorace_detect/build/lib/module
[2.944s] copying module/traffic_light.py -> /home/natalia/Documents/STUDING/ROS_bit_pel/build/autorace_detect/build/lib/module
[2.944s] copying module/traffic_direction.py -> /home/natalia/Documents/STUDING/ROS_bit_pel/build/autorace_detect/build/lib/module
[2.945s] copying module/__init__.py -> /home/natalia/Documents/STUDING/ROS_bit_pel/build/autorace_detect/build/lib/module
[2.945s] copying module/config.py -> /home/natalia/Documents/STUDING/ROS_bit_pel/build/autorace_detect/build/lib/module
[2.945s] running install
[2.953s] running install_lib
[2.975s] creating /home/natalia/Documents/STUDING/ROS_bit_pel/install/autorace_detect/lib/python3.12/site-packages/autorace_detect
[2.975s] copying /home/natalia/Documents/STUDING/ROS_bit_pel/build/autorace_detect/build/lib/autorace_detect/__init__.py -> /home/natalia/Documents/STUDING/ROS_bit_pel/install/autorace_detect/lib/python3.12/site-packages/autorace_detect
[2.975s] copying /home/natalia/Documents/STUDING/ROS_bit_pel/build/autorace_detect/build/lib/autorace_detect/follow_path.py -> /home/natalia/Documents/STUDING/ROS_bit_pel/install/autorace_detect/lib/python3.12/site-packages/autorace_detect
[2.975s] creating /home/natalia/Documents/STUDING/ROS_bit_pel/install/autorace_detect/lib/python3.12/site-packages/module
[2.975s] copying /home/natalia/Documents/STUDING/ROS_bit_pel/build/autorace_detect/build/lib/module/logger.py -> /home/natalia/Documents/STUDING/ROS_bit_pel/install/autorace_detect/lib/python3.12/site-packages/module
[2.975s] copying /home/natalia/Documents/STUDING/ROS_bit_pel/build/autorace_detect/build/lib/module/traffic_light.py -> /home/natalia/Documents/STUDING/ROS_bit_pel/install/autorace_detect/lib/python3.12/site-packages/module
[2.975s] copying /home/natalia/Documents/STUDING/ROS_bit_pel/build/autorace_detect/build/lib/module/traffic_direction.py -> /home/natalia/Documents/STUDING/ROS_bit_pel/install/autorace_detect/lib/python3.12/site-packages/module
[2.975s] copying /home/natalia/Documents/STUDING/ROS_bit_pel/build/autorace_detect/build/lib/module/__init__.py -> /home/natalia/Documents/STUDING/ROS_bit_pel/install/autorace_detect/lib/python3.12/site-packages/module
[2.975s] copying /home/natalia/Documents/STUDING/ROS_bit_pel/build/autorace_detect/build/lib/module/config.py -> /home/natalia/Documents/STUDING/ROS_bit_pel/install/autorace_detect/lib/python3.12/site-packages/module
[2.975s] byte-compiling /home/natalia/Documents/STUDING/ROS_bit_pel/install/autorace_detect/lib/python3.12/site-packages/autorace_detect/__init__.py to __init__.cpython-312.pyc
[2.976s] byte-compiling /home/natalia/Documents/STUDING/ROS_bit_pel/install/autorace_detect/lib/python3.12/site-packages/autorace_detect/follow_path.py to follow_path.cpython-312.pyc
[2.978s] byte-compiling /home/natalia/Documents/STUDING/ROS_bit_pel/install/autorace_detect/lib/python3.12/site-packages/module/logger.py to logger.cpython-312.pyc
[2.979s] byte-compiling /home/natalia/Documents/STUDING/ROS_bit_pel/install/autorace_detect/lib/python3.12/site-packages/module/traffic_light.py to traffic_light.cpython-312.pyc
[2.979s] byte-compiling /home/natalia/Documents/STUDING/ROS_bit_pel/install/autorace_detect/lib/python3.12/site-packages/module/traffic_direction.py to traffic_direction.cpython-312.pyc
[2.980s] byte-compiling /home/natalia/Documents/STUDING/ROS_bit_pel/install/autorace_detect/lib/python3.12/site-packages/module/__init__.py to __init__.cpython-312.pyc
[2.980s] byte-compiling /home/natalia/Documents/STUDING/ROS_bit_pel/install/autorace_detect/lib/python3.12/site-packages/module/config.py to config.cpython-312.pyc
[2.980s] running install_data
[2.981s] creating /home/natalia/Documents/STUDING/ROS_bit_pel/install/autorace_detect/share/ament_index
[2.981s] creating /home/natalia/Documents/STUDING/ROS_bit_pel/install/autorace_detect/share/ament_index/resource_index
[2.981s] creating /home/natalia/Documents/STUDING/ROS_bit_pel/install/autorace_detect/share/ament_index/resource_index/packages
[2.981s] copying resource/autorace_detect -> /home/natalia/Documents/STUDING/ROS_bit_pel/install/autorace_detect/share/ament_index/resource_index/packages
[2.981s] copying package.xml -> /home/natalia/Documents/STUDING/ROS_bit_pel/install/autorace_detect/share/autorace_detect
[2.981s] creating /home/natalia/Documents/STUDING/ROS_bit_pel/install/autorace_detect/share/autorace_detect/launch
[2.982s] copying launch/autorace_detect.launch.py -> /home/natalia/Documents/STUDING/ROS_bit_pel/install/autorace_detect/share/autorace_detect/launch
[2.982s] creating /home/natalia/Documents/STUDING/ROS_bit_pel/install/autorace_detect/share/autorace_detect/signs
[2.982s] copying signs/traffic_left.png -> /home/natalia/Documents/STUDING/ROS_bit_pel/install/autorace_detect/share/autorace_detect/signs
[2.982s] copying signs/traffic_intersection.png -> /home/natalia/Documents/STUDING/ROS_bit_pel/install/autorace_detect/share/autorace_detect/signs
[2.983s] copying signs/traffic_construction.png -> /home/natalia/Documents/STUDING/ROS_bit_pel/install/autorace_detect/share/autorace_detect/signs
[2.983s] copying signs/tunnel.png -> /home/natalia/Documents/STUDING/ROS_bit_pel/install/autorace_detect/share/autorace_detect/signs
[2.986s] copying signs/traffic_right.png -> /home/natalia/Documents/STUDING/ROS_bit_pel/install/autorace_detect/share/autorace_detect/signs
[2.987s] copying signs/pedestrian_crossing_sign.png -> /home/natalia/Documents/STUDING/ROS_bit_pel/install/autorace_detect/share/autorace_detect/signs
[2.988s] copying signs/traffic_parking.png -> /home/natalia/Documents/STUDING/ROS_bit_pel/install/autorace_detect/share/autorace_detect/signs
[2.988s] running install_egg_info
[3.010s] Copying ../build/autorace_detect/autorace_detect.egg-info to /home/natalia/Documents/STUDING/ROS_bit_pel/install/autorace_detect/lib/python3.12/site-packages/autorace_detect-0.0.0-py3.12.egg-info
[3.011s] running install_scripts
[3.155s] Installing follow_path script to /home/natalia/Documents/STUDING/ROS_bit_pel/install/autorace_detect/lib/autorace_detect
[3.155s] writing list of installed files to '/home/natalia/Documents/STUDING/ROS_bit_pel/build/autorace_detect/install.log'
[3.197s] Invoked command in '/home/natalia/Documents/STUDING/ROS_bit_pel/autorace_detect' returned '0': DEBUGINFOD_URLS=https://debuginfod.ubuntu.com PYTHONPATH=/home/natalia/Documents/STUDING/ROS_bit_pel/build/autorace_detect/prefix_override:/usr/lib/python3/dist-packages/colcon_core/task/python/colcon_distutils_commands:/home/natalia/Documents/STUDING/ROS_bit_pel/install/autorace_detect/lib/python3.12/site-packages:${PYTHONPATH} /usr/bin/python3 -W ignore:setup.py install is deprecated -W ignore:easy_install command is deprecated setup.py egg_info --egg-base ../build/autorace_detect build --build-base /home/natalia/Documents/STUDING/ROS_bit_pel/build/autorace_detect/build install --record /home/natalia/Documents/STUDING/ROS_bit_pel/build/autorace_detect/install.log --single-version-externally-managed install_data
